[2025-06-03 16:57:27] Intento 1 de 5 para obtener la MAC en ifIndex 30 del switch 203f:a:b:10::2.
[2025-06-03 16:57:27] Procesando línea de MAC->Port: .1.3.6.1.2.1.17.4.3.1.2 = No Such Instance currently exists at this OID
[2025-06-03 16:57:27] Error procesando MAC o port_num: invalid literal for int() with base 10: 'No Such Instance currently exists at this OID' | Línea: .1.3.6.1.2.1.17.4.3.1.2 = No Such Instance currently exists at this OID
[2025-06-03 16:57:27] Salida de snmpwalk para MAC -> portNum:
.1.3.6.1.2.1.17.4.3.1.2 = No Such Instance currently exists at this OID

[2025-06-03 16:57:27] Procesando línea de Port->ifIndex: .1.3.6.1.2.1.17.1.4.1.2.1 = INTEGER: 10101
[2025-06-03 16:57:27] Procesando línea de Port->ifIndex: .1.3.6.1.2.1.17.1.4.1.2.2 = INTEGER: 10102
[2025-06-03 16:57:27] Procesando línea de Port->ifIndex: .1.3.6.1.2.1.17.1.4.1.2.4 = INTEGER: 10002
[2025-06-03 16:57:27] Procesando línea de Port->ifIndex: .1.3.6.1.2.1.17.1.4.1.2.5 = INTEGER: 10003
[2025-06-03 16:57:27] Procesando línea de Port->ifIndex: .1.3.6.1.2.1.17.1.4.1.2.6 = INTEGER: 10004
[2025-06-03 16:57:27] Procesando línea de Port->ifIndex: .1.3.6.1.2.1.17.1.4.1.2.7 = INTEGER: 10005
[2025-06-03 16:57:27] Procesando línea de Port->ifIndex: .1.3.6.1.2.1.17.1.4.1.2.8 = INTEGER: 10006
[2025-06-03 16:57:27] Procesando línea de Port->ifIndex: .1.3.6.1.2.1.17.1.4.1.2.9 = INTEGER: 10007
[2025-06-03 16:57:27] Procesando línea de Port->ifIndex: .1.3.6.1.2.1.17.1.4.1.2.10 = INTEGER: 10008
[2025-06-03 16:57:27] Procesando línea de Port->ifIndex: .1.3.6.1.2.1.17.1.4.1.2.11 = INTEGER: 10009
[2025-06-03 16:57:27] Procesando línea de Port->ifIndex: .1.3.6.1.2.1.17.1.4.1.2.12 = INTEGER: 10010
[2025-06-03 16:57:27] Procesando línea de Port->ifIndex: .1.3.6.1.2.1.17.1.4.1.2.13 = INTEGER: 10011
[2025-06-03 16:57:27] Procesando línea de Port->ifIndex: .1.3.6.1.2.1.17.1.4.1.2.14 = INTEGER: 10012
[2025-06-03 16:57:27] Procesando línea de Port->ifIndex: .1.3.6.1.2.1.17.1.4.1.2.15 = INTEGER: 10013
[2025-06-03 16:57:27] Procesando línea de Port->ifIndex: .1.3.6.1.2.1.17.1.4.1.2.17 = INTEGER: 10015
[2025-06-03 16:57:27] Procesando línea de Port->ifIndex: .1.3.6.1.2.1.17.1.4.1.2.18 = INTEGER: 10016
[2025-06-03 16:57:27] Procesando línea de Port->ifIndex: .1.3.6.1.2.1.17.1.4.1.2.19 = INTEGER: 10017
[2025-06-03 16:57:27] Procesando línea de Port->ifIndex: .1.3.6.1.2.1.17.1.4.1.2.20 = INTEGER: 10018
[2025-06-03 16:57:27] Procesando línea de Port->ifIndex: .1.3.6.1.2.1.17.1.4.1.2.21 = INTEGER: 10019
[2025-06-03 16:57:27] Procesando línea de Port->ifIndex: .1.3.6.1.2.1.17.1.4.1.2.22 = INTEGER: 10020
[2025-06-03 16:57:27] Procesando línea de Port->ifIndex: .1.3.6.1.2.1.17.1.4.1.2.23 = INTEGER: 10021
[2025-06-03 16:57:27] Procesando línea de Port->ifIndex: .1.3.6.1.2.1.17.1.4.1.2.24 = INTEGER: 10022
[2025-06-03 16:57:27] Procesando línea de Port->ifIndex: .1.3.6.1.2.1.17.1.4.1.2.25 = INTEGER: 10023
[2025-06-03 16:57:27] Salida de snmpwalk para portNum -> ifIndex:
.1.3.6.1.2.1.17.1.4.1.2.1 = INTEGER: 10101
.1.3.6.1.2.1.17.1.4.1.2.2 = INTEGER: 10102
.1.3.6.1.2.1.17.1.4.1.2.4 = INTEGER: 10002
.1.3.6.1.2.1.17.1.4.1.2.5 = INTEGER: 10003
.1.3.6.1.2.1.17.1.4.1.2.6 = INTEGER: 10004
.1.3.6.1.2.1.17.1.4.1.2.7 = INTEGER: 10005
.1.3.6.1.2.1.17.1.4.1.2.8 = INTEGER: 10006
.1.3.6.1.2.1.17.1.4.1.2.9 = INTEGER: 10007
.1.3.6.1.2.1.17.1.4.1.2.10 = INTEGER: 10008
.1.3.6.1.2.1.17.1.4.1.2.11 = INTEGER: 10009
.1.3.6.1.2.1.17.1.4.1.2.12 = INTEGER: 10010
.1.3.6.1.2.1.17.1.4.1.2.13 = INTEGER: 10011
.1.3.6.1.2.1.17.1.4.1.2.14 = INTEGER: 10012
.1.3.6.1.2.1.17.1.4.1.2.15 = INTEGER: 10013
.1.3.6.1.2.1.17.1.4.1.2.17 = INTEGER: 10015
.1.3.6.1.2.1.17.1.4.1.2.18 = INTEGER: 10016
.1.3.6.1.2.1.17.1.4.1.2.19 = INTEGER: 10017
.1.3.6.1.2.1.17.1.4.1.2.20 = INTEGER: 10018
.1.3.6.1.2.1.17.1.4.1.2.21 = INTEGER: 10019
.1.3.6.1.2.1.17.1.4.1.2.22 = INTEGER: 10020
.1.3.6.1.2.1.17.1.4.1.2.23 = INTEGER: 10021
.1.3.6.1.2.1.17.1.4.1.2.24 = INTEGER: 10022
.1.3.6.1.2.1.17.1.4.1.2.25 = INTEGER: 10023

[2025-06-03 16:57:27] No se encontró una MAC asociada al ifIndex 30 en 203f:a:b:10::2.
[2025-06-03 16:57:27] Intento 1 fallido. No se encontró MAC para ifIndex 30.
[2025-06-03 16:57:32] Intento 2 de 5 para obtener la MAC en ifIndex 30 del switch 203f:a:b:10::2.
[2025-06-03 16:57:32] Procesando línea de MAC->Port: .1.3.6.1.2.1.17.4.3.1.2 = No Such Instance currently exists at this OID
[2025-06-03 16:57:32] Error procesando MAC o port_num: invalid literal for int() with base 10: 'No Such Instance currently exists at this OID' | Línea: .1.3.6.1.2.1.17.4.3.1.2 = No Such Instance currently exists at this OID
[2025-06-03 16:57:32] Salida de snmpwalk para MAC -> portNum:
.1.3.6.1.2.1.17.4.3.1.2 = No Such Instance currently exists at this OID

[2025-06-03 16:57:32] Procesando línea de Port->ifIndex: .1.3.6.1.2.1.17.1.4.1.2.1 = INTEGER: 10101
[2025-06-03 16:57:32] Procesando línea de Port->ifIndex: .1.3.6.1.2.1.17.1.4.1.2.2 = INTEGER: 10102
[2025-06-03 16:57:32] Procesando línea de Port->ifIndex: .1.3.6.1.2.1.17.1.4.1.2.4 = INTEGER: 10002
[2025-06-03 16:57:32] Procesando línea de Port->ifIndex: .1.3.6.1.2.1.17.1.4.1.2.5 = INTEGER: 10003
[2025-06-03 16:57:32] Procesando línea de Port->ifIndex: .1.3.6.1.2.1.17.1.4.1.2.6 = INTEGER: 10004
[2025-06-03 16:57:32] Procesando línea de Port->ifIndex: .1.3.6.1.2.1.17.1.4.1.2.7 = INTEGER: 10005
[2025-06-03 16:57:32] Procesando línea de Port->ifIndex: .1.3.6.1.2.1.17.1.4.1.2.8 = INTEGER: 10006
[2025-06-03 16:57:32] Procesando línea de Port->ifIndex: .1.3.6.1.2.1.17.1.4.1.2.9 = INTEGER: 10007
[2025-06-03 16:57:32] Procesando línea de Port->ifIndex: .1.3.6.1.2.1.17.1.4.1.2.10 = INTEGER: 10008
[2025-06-03 16:57:32] Procesando línea de Port->ifIndex: .1.3.6.1.2.1.17.1.4.1.2.11 = INTEGER: 10009
[2025-06-03 16:57:32] Procesando línea de Port->ifIndex: .1.3.6.1.2.1.17.1.4.1.2.12 = INTEGER: 10010
[2025-06-03 16:57:32] Procesando línea de Port->ifIndex: .1.3.6.1.2.1.17.1.4.1.2.13 = INTEGER: 10011
[2025-06-03 16:57:32] Procesando línea de Port->ifIndex: .1.3.6.1.2.1.17.1.4.1.2.14 = INTEGER: 10012
[2025-06-03 16:57:32] Procesando línea de Port->ifIndex: .1.3.6.1.2.1.17.1.4.1.2.15 = INTEGER: 10013
[2025-06-03 16:57:32] Procesando línea de Port->ifIndex: .1.3.6.1.2.1.17.1.4.1.2.17 = INTEGER: 10015
[2025-06-03 16:57:32] Procesando línea de Port->ifIndex: .1.3.6.1.2.1.17.1.4.1.2.18 = INTEGER: 10016
[2025-06-03 16:57:32] Procesando línea de Port->ifIndex: .1.3.6.1.2.1.17.1.4.1.2.19 = INTEGER: 10017
[2025-06-03 16:57:32] Procesando línea de Port->ifIndex: .1.3.6.1.2.1.17.1.4.1.2.20 = INTEGER: 10018
[2025-06-03 16:57:32] Procesando línea de Port->ifIndex: .1.3.6.1.2.1.17.1.4.1.2.21 = INTEGER: 10019
[2025-06-03 16:57:32] Procesando línea de Port->ifIndex: .1.3.6.1.2.1.17.1.4.1.2.22 = INTEGER: 10020
[2025-06-03 16:57:32] Procesando línea de Port->ifIndex: .1.3.6.1.2.1.17.1.4.1.2.23 = INTEGER: 10021
[2025-06-03 16:57:32] Procesando línea de Port->ifIndex: .1.3.6.1.2.1.17.1.4.1.2.24 = INTEGER: 10022
[2025-06-03 16:57:32] Procesando línea de Port->ifIndex: .1.3.6.1.2.1.17.1.4.1.2.25 = INTEGER: 10023
[2025-06-03 16:57:32] Salida de snmpwalk para portNum -> ifIndex:
.1.3.6.1.2.1.17.1.4.1.2.1 = INTEGER: 10101
.1.3.6.1.2.1.17.1.4.1.2.2 = INTEGER: 10102
.1.3.6.1.2.1.17.1.4.1.2.4 = INTEGER: 10002
.1.3.6.1.2.1.17.1.4.1.2.5 = INTEGER: 10003
.1.3.6.1.2.1.17.1.4.1.2.6 = INTEGER: 10004
.1.3.6.1.2.1.17.1.4.1.2.7 = INTEGER: 10005
.1.3.6.1.2.1.17.1.4.1.2.8 = INTEGER: 10006
.1.3.6.1.2.1.17.1.4.1.2.9 = INTEGER: 10007
.1.3.6.1.2.1.17.1.4.1.2.10 = INTEGER: 10008
.1.3.6.1.2.1.17.1.4.1.2.11 = INTEGER: 10009
.1.3.6.1.2.1.17.1.4.1.2.12 = INTEGER: 10010
.1.3.6.1.2.1.17.1.4.1.2.13 = INTEGER: 10011
.1.3.6.1.2.1.17.1.4.1.2.14 = INTEGER: 10012
.1.3.6.1.2.1.17.1.4.1.2.15 = INTEGER: 10013
.1.3.6.1.2.1.17.1.4.1.2.17 = INTEGER: 10015
.1.3.6.1.2.1.17.1.4.1.2.18 = INTEGER: 10016
.1.3.6.1.2.1.17.1.4.1.2.19 = INTEGER: 10017
.1.3.6.1.2.1.17.1.4.1.2.20 = INTEGER: 10018
.1.3.6.1.2.1.17.1.4.1.2.21 = INTEGER: 10019
.1.3.6.1.2.1.17.1.4.1.2.22 = INTEGER: 10020
.1.3.6.1.2.1.17.1.4.1.2.23 = INTEGER: 10021
.1.3.6.1.2.1.17.1.4.1.2.24 = INTEGER: 10022
.1.3.6.1.2.1.17.1.4.1.2.25 = INTEGER: 10023

[2025-06-03 16:57:32] No se encontró una MAC asociada al ifIndex 30 en 203f:a:b:10::2.
[2025-06-03 16:57:32] Intento 2 fallido. No se encontró MAC para ifIndex 30.
[2025-06-03 16:57:37] Intento 3 de 5 para obtener la MAC en ifIndex 30 del switch 203f:a:b:10::2.
[2025-06-03 16:57:37] Procesando línea de MAC->Port: .1.3.6.1.2.1.17.4.3.1.2 = No Such Instance currently exists at this OID
[2025-06-03 16:57:37] Error procesando MAC o port_num: invalid literal for int() with base 10: 'No Such Instance currently exists at this OID' | Línea: .1.3.6.1.2.1.17.4.3.1.2 = No Such Instance currently exists at this OID
[2025-06-03 16:57:37] Salida de snmpwalk para MAC -> portNum:
.1.3.6.1.2.1.17.4.3.1.2 = No Such Instance currently exists at this OID

[2025-06-03 16:57:37] Procesando línea de Port->ifIndex: .1.3.6.1.2.1.17.1.4.1.2.1 = INTEGER: 10101
[2025-06-03 16:57:37] Procesando línea de Port->ifIndex: .1.3.6.1.2.1.17.1.4.1.2.2 = INTEGER: 10102
[2025-06-03 16:57:37] Procesando línea de Port->ifIndex: .1.3.6.1.2.1.17.1.4.1.2.4 = INTEGER: 10002
[2025-06-03 16:57:37] Procesando línea de Port->ifIndex: .1.3.6.1.2.1.17.1.4.1.2.5 = INTEGER: 10003
[2025-06-03 16:57:37] Procesando línea de Port->ifIndex: .1.3.6.1.2.1.17.1.4.1.2.6 = INTEGER: 10004
[2025-06-03 16:57:37] Procesando línea de Port->ifIndex: .1.3.6.1.2.1.17.1.4.1.2.7 = INTEGER: 10005
[2025-06-03 16:57:37] Procesando línea de Port->ifIndex: .1.3.6.1.2.1.17.1.4.1.2.8 = INTEGER: 10006
[2025-06-03 16:57:37] Procesando línea de Port->ifIndex: .1.3.6.1.2.1.17.1.4.1.2.9 = INTEGER: 10007
[2025-06-03 16:57:37] Procesando línea de Port->ifIndex: .1.3.6.1.2.1.17.1.4.1.2.10 = INTEGER: 10008
[2025-06-03 16:57:37] Procesando línea de Port->ifIndex: .1.3.6.1.2.1.17.1.4.1.2.11 = INTEGER: 10009
[2025-06-03 16:57:37] Procesando línea de Port->ifIndex: .1.3.6.1.2.1.17.1.4.1.2.12 = INTEGER: 10010
[2025-06-03 16:57:37] Procesando línea de Port->ifIndex: .1.3.6.1.2.1.17.1.4.1.2.13 = INTEGER: 10011
[2025-06-03 16:57:37] Procesando línea de Port->ifIndex: .1.3.6.1.2.1.17.1.4.1.2.14 = INTEGER: 10012
[2025-06-03 16:57:37] Procesando línea de Port->ifIndex: .1.3.6.1.2.1.17.1.4.1.2.15 = INTEGER: 10013
[2025-06-03 16:57:37] Procesando línea de Port->ifIndex: .1.3.6.1.2.1.17.1.4.1.2.17 = INTEGER: 10015
[2025-06-03 16:57:37] Procesando línea de Port->ifIndex: .1.3.6.1.2.1.17.1.4.1.2.18 = INTEGER: 10016
[2025-06-03 16:57:37] Procesando línea de Port->ifIndex: .1.3.6.1.2.1.17.1.4.1.2.19 = INTEGER: 10017
[2025-06-03 16:57:37] Procesando línea de Port->ifIndex: .1.3.6.1.2.1.17.1.4.1.2.20 = INTEGER: 10018
[2025-06-03 16:57:37] Procesando línea de Port->ifIndex: .1.3.6.1.2.1.17.1.4.1.2.21 = INTEGER: 10019
[2025-06-03 16:57:37] Procesando línea de Port->ifIndex: .1.3.6.1.2.1.17.1.4.1.2.22 = INTEGER: 10020
[2025-06-03 16:57:37] Procesando línea de Port->ifIndex: .1.3.6.1.2.1.17.1.4.1.2.23 = INTEGER: 10021
[2025-06-03 16:57:37] Procesando línea de Port->ifIndex: .1.3.6.1.2.1.17.1.4.1.2.24 = INTEGER: 10022
[2025-06-03 16:57:37] Procesando línea de Port->ifIndex: .1.3.6.1.2.1.17.1.4.1.2.25 = INTEGER: 10023
[2025-06-03 16:57:37] Salida de snmpwalk para portNum -> ifIndex:
.1.3.6.1.2.1.17.1.4.1.2.1 = INTEGER: 10101
.1.3.6.1.2.1.17.1.4.1.2.2 = INTEGER: 10102
.1.3.6.1.2.1.17.1.4.1.2.4 = INTEGER: 10002
.1.3.6.1.2.1.17.1.4.1.2.5 = INTEGER: 10003
.1.3.6.1.2.1.17.1.4.1.2.6 = INTEGER: 10004
.1.3.6.1.2.1.17.1.4.1.2.7 = INTEGER: 10005
.1.3.6.1.2.1.17.1.4.1.2.8 = INTEGER: 10006
.1.3.6.1.2.1.17.1.4.1.2.9 = INTEGER: 10007
.1.3.6.1.2.1.17.1.4.1.2.10 = INTEGER: 10008
.1.3.6.1.2.1.17.1.4.1.2.11 = INTEGER: 10009
.1.3.6.1.2.1.17.1.4.1.2.12 = INTEGER: 10010
.1.3.6.1.2.1.17.1.4.1.2.13 = INTEGER: 10011
.1.3.6.1.2.1.17.1.4.1.2.14 = INTEGER: 10012
.1.3.6.1.2.1.17.1.4.1.2.15 = INTEGER: 10013
.1.3.6.1.2.1.17.1.4.1.2.17 = INTEGER: 10015
.1.3.6.1.2.1.17.1.4.1.2.18 = INTEGER: 10016
.1.3.6.1.2.1.17.1.4.1.2.19 = INTEGER: 10017
.1.3.6.1.2.1.17.1.4.1.2.20 = INTEGER: 10018
.1.3.6.1.2.1.17.1.4.1.2.21 = INTEGER: 10019
.1.3.6.1.2.1.17.1.4.1.2.22 = INTEGER: 10020
.1.3.6.1.2.1.17.1.4.1.2.23 = INTEGER: 10021
.1.3.6.1.2.1.17.1.4.1.2.24 = INTEGER: 10022
.1.3.6.1.2.1.17.1.4.1.2.25 = INTEGER: 10023

[2025-06-03 16:57:37] No se encontró una MAC asociada al ifIndex 30 en 203f:a:b:10::2.
[2025-06-03 16:57:37] Intento 3 fallido. No se encontró MAC para ifIndex 30.
[2025-06-03 16:57:42] Intento 4 de 5 para obtener la MAC en ifIndex 30 del switch 203f:a:b:10::2.
[2025-06-03 16:57:42] Procesando línea de MAC->Port: .1.3.6.1.2.1.17.4.3.1.2 = No Such Instance currently exists at this OID
[2025-06-03 16:57:42] Error procesando MAC o port_num: invalid literal for int() with base 10: 'No Such Instance currently exists at this OID' | Línea: .1.3.6.1.2.1.17.4.3.1.2 = No Such Instance currently exists at this OID
[2025-06-03 16:57:42] Salida de snmpwalk para MAC -> portNum:
.1.3.6.1.2.1.17.4.3.1.2 = No Such Instance currently exists at this OID

[2025-06-03 16:57:42] Procesando línea de Port->ifIndex: .1.3.6.1.2.1.17.1.4.1.2.1 = INTEGER: 10101
[2025-06-03 16:57:42] Procesando línea de Port->ifIndex: .1.3.6.1.2.1.17.1.4.1.2.2 = INTEGER: 10102
[2025-06-03 16:57:42] Procesando línea de Port->ifIndex: .1.3.6.1.2.1.17.1.4.1.2.4 = INTEGER: 10002
[2025-06-03 16:57:42] Procesando línea de Port->ifIndex: .1.3.6.1.2.1.17.1.4.1.2.5 = INTEGER: 10003
[2025-06-03 16:57:42] Procesando línea de Port->ifIndex: .1.3.6.1.2.1.17.1.4.1.2.6 = INTEGER: 10004
[2025-06-03 16:57:42] Procesando línea de Port->ifIndex: .1.3.6.1.2.1.17.1.4.1.2.7 = INTEGER: 10005
[2025-06-03 16:57:42] Procesando línea de Port->ifIndex: .1.3.6.1.2.1.17.1.4.1.2.8 = INTEGER: 10006
[2025-06-03 16:57:42] Procesando línea de Port->ifIndex: .1.3.6.1.2.1.17.1.4.1.2.9 = INTEGER: 10007
[2025-06-03 16:57:42] Procesando línea de Port->ifIndex: .1.3.6.1.2.1.17.1.4.1.2.10 = INTEGER: 10008
[2025-06-03 16:57:42] Procesando línea de Port->ifIndex: .1.3.6.1.2.1.17.1.4.1.2.11 = INTEGER: 10009
[2025-06-03 16:57:42] Procesando línea de Port->ifIndex: .1.3.6.1.2.1.17.1.4.1.2.12 = INTEGER: 10010
[2025-06-03 16:57:42] Procesando línea de Port->ifIndex: .1.3.6.1.2.1.17.1.4.1.2.13 = INTEGER: 10011
[2025-06-03 16:57:42] Procesando línea de Port->ifIndex: .1.3.6.1.2.1.17.1.4.1.2.14 = INTEGER: 10012
[2025-06-03 16:57:42] Procesando línea de Port->ifIndex: .1.3.6.1.2.1.17.1.4.1.2.15 = INTEGER: 10013
[2025-06-03 16:57:42] Procesando línea de Port->ifIndex: .1.3.6.1.2.1.17.1.4.1.2.17 = INTEGER: 10015
[2025-06-03 16:57:42] Procesando línea de Port->ifIndex: .1.3.6.1.2.1.17.1.4.1.2.18 = INTEGER: 10016
[2025-06-03 16:57:42] Procesando línea de Port->ifIndex: .1.3.6.1.2.1.17.1.4.1.2.19 = INTEGER: 10017
[2025-06-03 16:57:42] Procesando línea de Port->ifIndex: .1.3.6.1.2.1.17.1.4.1.2.20 = INTEGER: 10018
[2025-06-03 16:57:42] Procesando línea de Port->ifIndex: .1.3.6.1.2.1.17.1.4.1.2.21 = INTEGER: 10019
[2025-06-03 16:57:42] Procesando línea de Port->ifIndex: .1.3.6.1.2.1.17.1.4.1.2.22 = INTEGER: 10020
[2025-06-03 16:57:42] Procesando línea de Port->ifIndex: .1.3.6.1.2.1.17.1.4.1.2.23 = INTEGER: 10021
[2025-06-03 16:57:42] Procesando línea de Port->ifIndex: .1.3.6.1.2.1.17.1.4.1.2.24 = INTEGER: 10022
[2025-06-03 16:57:42] Procesando línea de Port->ifIndex: .1.3.6.1.2.1.17.1.4.1.2.25 = INTEGER: 10023
[2025-06-03 16:57:42] Salida de snmpwalk para portNum -> ifIndex:
.1.3.6.1.2.1.17.1.4.1.2.1 = INTEGER: 10101
.1.3.6.1.2.1.17.1.4.1.2.2 = INTEGER: 10102
.1.3.6.1.2.1.17.1.4.1.2.4 = INTEGER: 10002
.1.3.6.1.2.1.17.1.4.1.2.5 = INTEGER: 10003
.1.3.6.1.2.1.17.1.4.1.2.6 = INTEGER: 10004
.1.3.6.1.2.1.17.1.4.1.2.7 = INTEGER: 10005
.1.3.6.1.2.1.17.1.4.1.2.8 = INTEGER: 10006
.1.3.6.1.2.1.17.1.4.1.2.9 = INTEGER: 10007
.1.3.6.1.2.1.17.1.4.1.2.10 = INTEGER: 10008
.1.3.6.1.2.1.17.1.4.1.2.11 = INTEGER: 10009
.1.3.6.1.2.1.17.1.4.1.2.12 = INTEGER: 10010
.1.3.6.1.2.1.17.1.4.1.2.13 = INTEGER: 10011
.1.3.6.1.2.1.17.1.4.1.2.14 = INTEGER: 10012
.1.3.6.1.2.1.17.1.4.1.2.15 = INTEGER: 10013
.1.3.6.1.2.1.17.1.4.1.2.17 = INTEGER: 10015
.1.3.6.1.2.1.17.1.4.1.2.18 = INTEGER: 10016
.1.3.6.1.2.1.17.1.4.1.2.19 = INTEGER: 10017
.1.3.6.1.2.1.17.1.4.1.2.20 = INTEGER: 10018
.1.3.6.1.2.1.17.1.4.1.2.21 = INTEGER: 10019
.1.3.6.1.2.1.17.1.4.1.2.22 = INTEGER: 10020
.1.3.6.1.2.1.17.1.4.1.2.23 = INTEGER: 10021
.1.3.6.1.2.1.17.1.4.1.2.24 = INTEGER: 10022
.1.3.6.1.2.1.17.1.4.1.2.25 = INTEGER: 10023

[2025-06-03 16:57:42] No se encontró una MAC asociada al ifIndex 30 en 203f:a:b:10::2.
[2025-06-03 16:57:42] Intento 4 fallido. No se encontró MAC para ifIndex 30.
[2025-06-03 16:57:47] Intento 5 de 5 para obtener la MAC en ifIndex 30 del switch 203f:a:b:10::2.
[2025-06-03 16:57:47] Procesando línea de MAC->Port: .1.3.6.1.2.1.17.4.3.1.2 = No Such Instance currently exists at this OID
[2025-06-03 16:57:47] Error procesando MAC o port_num: invalid literal for int() with base 10: 'No Such Instance currently exists at this OID' | Línea: .1.3.6.1.2.1.17.4.3.1.2 = No Such Instance currently exists at this OID
[2025-06-03 16:57:47] Salida de snmpwalk para MAC -> portNum:
.1.3.6.1.2.1.17.4.3.1.2 = No Such Instance currently exists at this OID

[2025-06-03 16:57:47] Procesando línea de Port->ifIndex: .1.3.6.1.2.1.17.1.4.1.2.1 = INTEGER: 10101
[2025-06-03 16:57:47] Procesando línea de Port->ifIndex: .1.3.6.1.2.1.17.1.4.1.2.2 = INTEGER: 10102
[2025-06-03 16:57:47] Procesando línea de Port->ifIndex: .1.3.6.1.2.1.17.1.4.1.2.4 = INTEGER: 10002
[2025-06-03 16:57:47] Procesando línea de Port->ifIndex: .1.3.6.1.2.1.17.1.4.1.2.5 = INTEGER: 10003
[2025-06-03 16:57:47] Procesando línea de Port->ifIndex: .1.3.6.1.2.1.17.1.4.1.2.6 = INTEGER: 10004
[2025-06-03 16:57:47] Procesando línea de Port->ifIndex: .1.3.6.1.2.1.17.1.4.1.2.7 = INTEGER: 10005
[2025-06-03 16:57:47] Procesando línea de Port->ifIndex: .1.3.6.1.2.1.17.1.4.1.2.8 = INTEGER: 10006
[2025-06-03 16:57:47] Procesando línea de Port->ifIndex: .1.3.6.1.2.1.17.1.4.1.2.9 = INTEGER: 10007
[2025-06-03 16:57:47] Procesando línea de Port->ifIndex: .1.3.6.1.2.1.17.1.4.1.2.10 = INTEGER: 10008
[2025-06-03 16:57:47] Procesando línea de Port->ifIndex: .1.3.6.1.2.1.17.1.4.1.2.11 = INTEGER: 10009
[2025-06-03 16:57:47] Procesando línea de Port->ifIndex: .1.3.6.1.2.1.17.1.4.1.2.12 = INTEGER: 10010
[2025-06-03 16:57:47] Procesando línea de Port->ifIndex: .1.3.6.1.2.1.17.1.4.1.2.13 = INTEGER: 10011
[2025-06-03 16:57:47] Procesando línea de Port->ifIndex: .1.3.6.1.2.1.17.1.4.1.2.14 = INTEGER: 10012
[2025-06-03 16:57:47] Procesando línea de Port->ifIndex: .1.3.6.1.2.1.17.1.4.1.2.15 = INTEGER: 10013
[2025-06-03 16:57:47] Procesando línea de Port->ifIndex: .1.3.6.1.2.1.17.1.4.1.2.17 = INTEGER: 10015
[2025-06-03 16:57:47] Procesando línea de Port->ifIndex: .1.3.6.1.2.1.17.1.4.1.2.18 = INTEGER: 10016
[2025-06-03 16:57:47] Procesando línea de Port->ifIndex: .1.3.6.1.2.1.17.1.4.1.2.19 = INTEGER: 10017
[2025-06-03 16:57:47] Procesando línea de Port->ifIndex: .1.3.6.1.2.1.17.1.4.1.2.20 = INTEGER: 10018
[2025-06-03 16:57:47] Procesando línea de Port->ifIndex: .1.3.6.1.2.1.17.1.4.1.2.21 = INTEGER: 10019
[2025-06-03 16:57:47] Procesando línea de Port->ifIndex: .1.3.6.1.2.1.17.1.4.1.2.22 = INTEGER: 10020
[2025-06-03 16:57:47] Procesando línea de Port->ifIndex: .1.3.6.1.2.1.17.1.4.1.2.23 = INTEGER: 10021
[2025-06-03 16:57:47] Procesando línea de Port->ifIndex: .1.3.6.1.2.1.17.1.4.1.2.24 = INTEGER: 10022
[2025-06-03 16:57:47] Procesando línea de Port->ifIndex: .1.3.6.1.2.1.17.1.4.1.2.25 = INTEGER: 10023
[2025-06-03 16:57:47] Salida de snmpwalk para portNum -> ifIndex:
.1.3.6.1.2.1.17.1.4.1.2.1 = INTEGER: 10101
.1.3.6.1.2.1.17.1.4.1.2.2 = INTEGER: 10102
.1.3.6.1.2.1.17.1.4.1.2.4 = INTEGER: 10002
.1.3.6.1.2.1.17.1.4.1.2.5 = INTEGER: 10003
.1.3.6.1.2.1.17.1.4.1.2.6 = INTEGER: 10004
.1.3.6.1.2.1.17.1.4.1.2.7 = INTEGER: 10005
.1.3.6.1.2.1.17.1.4.1.2.8 = INTEGER: 10006
.1.3.6.1.2.1.17.1.4.1.2.9 = INTEGER: 10007
.1.3.6.1.2.1.17.1.4.1.2.10 = INTEGER: 10008
.1.3.6.1.2.1.17.1.4.1.2.11 = INTEGER: 10009
.1.3.6.1.2.1.17.1.4.1.2.12 = INTEGER: 10010
.1.3.6.1.2.1.17.1.4.1.2.13 = INTEGER: 10011
.1.3.6.1.2.1.17.1.4.1.2.14 = INTEGER: 10012
.1.3.6.1.2.1.17.1.4.1.2.15 = INTEGER: 10013
.1.3.6.1.2.1.17.1.4.1.2.17 = INTEGER: 10015
.1.3.6.1.2.1.17.1.4.1.2.18 = INTEGER: 10016
.1.3.6.1.2.1.17.1.4.1.2.19 = INTEGER: 10017
.1.3.6.1.2.1.17.1.4.1.2.20 = INTEGER: 10018
.1.3.6.1.2.1.17.1.4.1.2.21 = INTEGER: 10019
.1.3.6.1.2.1.17.1.4.1.2.22 = INTEGER: 10020
.1.3.6.1.2.1.17.1.4.1.2.23 = INTEGER: 10021
.1.3.6.1.2.1.17.1.4.1.2.24 = INTEGER: 10022
.1.3.6.1.2.1.17.1.4.1.2.25 = INTEGER: 10023

[2025-06-03 16:57:47] No se encontró una MAC asociada al ifIndex 30 en 203f:a:b:10::2.
[2025-06-03 16:57:47] Intento 5 fallido. No se encontró MAC para ifIndex 30.
[2025-06-03 16:57:52] No se pudo obtener la MAC tras 5 intentos para ifIndex 30 en 203f:a:b:10::2.
[2025-06-03 16:57:52] Intento 1 de 5 para obtener la MAC en ifIndex 20 del switch 203f:a:b:10::2.
[2025-06-03 16:57:53] Procesando línea de MAC->Port: .1.3.6.1.2.1.17.4.3.1.2 = No Such Instance currently exists at this OID
[2025-06-03 16:57:53] Error procesando MAC o port_num: invalid literal for int() with base 10: 'No Such Instance currently exists at this OID' | Línea: .1.3.6.1.2.1.17.4.3.1.2 = No Such Instance currently exists at this OID
[2025-06-03 16:57:53] Salida de snmpwalk para MAC -> portNum:
.1.3.6.1.2.1.17.4.3.1.2 = No Such Instance currently exists at this OID

[2025-06-03 16:57:53] Procesando línea de Port->ifIndex: .1.3.6.1.2.1.17.1.4.1.2.1 = INTEGER: 10101
[2025-06-03 16:57:53] Procesando línea de Port->ifIndex: .1.3.6.1.2.1.17.1.4.1.2.2 = INTEGER: 10102
[2025-06-03 16:57:53] Procesando línea de Port->ifIndex: .1.3.6.1.2.1.17.1.4.1.2.4 = INTEGER: 10002
[2025-06-03 16:57:53] Procesando línea de Port->ifIndex: .1.3.6.1.2.1.17.1.4.1.2.5 = INTEGER: 10003
[2025-06-03 16:57:53] Procesando línea de Port->ifIndex: .1.3.6.1.2.1.17.1.4.1.2.6 = INTEGER: 10004
[2025-06-03 16:57:53] Procesando línea de Port->ifIndex: .1.3.6.1.2.1.17.1.4.1.2.7 = INTEGER: 10005
[2025-06-03 16:57:53] Procesando línea de Port->ifIndex: .1.3.6.1.2.1.17.1.4.1.2.8 = INTEGER: 10006
[2025-06-03 16:57:53] Procesando línea de Port->ifIndex: .1.3.6.1.2.1.17.1.4.1.2.9 = INTEGER: 10007
[2025-06-03 16:57:53] Procesando línea de Port->ifIndex: .1.3.6.1.2.1.17.1.4.1.2.10 = INTEGER: 10008
[2025-06-03 16:57:53] Procesando línea de Port->ifIndex: .1.3.6.1.2.1.17.1.4.1.2.11 = INTEGER: 10009
[2025-06-03 16:57:53] Procesando línea de Port->ifIndex: .1.3.6.1.2.1.17.1.4.1.2.12 = INTEGER: 10010
[2025-06-03 16:57:53] Procesando línea de Port->ifIndex: .1.3.6.1.2.1.17.1.4.1.2.13 = INTEGER: 10011
[2025-06-03 16:57:53] Procesando línea de Port->ifIndex: .1.3.6.1.2.1.17.1.4.1.2.14 = INTEGER: 10012
[2025-06-03 16:57:53] Procesando línea de Port->ifIndex: .1.3.6.1.2.1.17.1.4.1.2.15 = INTEGER: 10013
[2025-06-03 16:57:53] Procesando línea de Port->ifIndex: .1.3.6.1.2.1.17.1.4.1.2.17 = INTEGER: 10015
[2025-06-03 16:57:53] Procesando línea de Port->ifIndex: .1.3.6.1.2.1.17.1.4.1.2.18 = INTEGER: 10016
[2025-06-03 16:57:53] Procesando línea de Port->ifIndex: .1.3.6.1.2.1.17.1.4.1.2.19 = INTEGER: 10017
[2025-06-03 16:57:53] Procesando línea de Port->ifIndex: .1.3.6.1.2.1.17.1.4.1.2.20 = INTEGER: 10018
[2025-06-03 16:57:53] Procesando línea de Port->ifIndex: .1.3.6.1.2.1.17.1.4.1.2.21 = INTEGER: 10019
[2025-06-03 16:57:53] Procesando línea de Port->ifIndex: .1.3.6.1.2.1.17.1.4.1.2.22 = INTEGER: 10020
[2025-06-03 16:57:53] Procesando línea de Port->ifIndex: .1.3.6.1.2.1.17.1.4.1.2.23 = INTEGER: 10021
[2025-06-03 16:57:53] Procesando línea de Port->ifIndex: .1.3.6.1.2.1.17.1.4.1.2.24 = INTEGER: 10022
[2025-06-03 16:57:53] Procesando línea de Port->ifIndex: .1.3.6.1.2.1.17.1.4.1.2.25 = INTEGER: 10023
[2025-06-03 16:57:53] Salida de snmpwalk para portNum -> ifIndex:
.1.3.6.1.2.1.17.1.4.1.2.1 = INTEGER: 10101
.1.3.6.1.2.1.17.1.4.1.2.2 = INTEGER: 10102
.1.3.6.1.2.1.17.1.4.1.2.4 = INTEGER: 10002
.1.3.6.1.2.1.17.1.4.1.2.5 = INTEGER: 10003
.1.3.6.1.2.1.17.1.4.1.2.6 = INTEGER: 10004
.1.3.6.1.2.1.17.1.4.1.2.7 = INTEGER: 10005
.1.3.6.1.2.1.17.1.4.1.2.8 = INTEGER: 10006
.1.3.6.1.2.1.17.1.4.1.2.9 = INTEGER: 10007
.1.3.6.1.2.1.17.1.4.1.2.10 = INTEGER: 10008
.1.3.6.1.2.1.17.1.4.1.2.11 = INTEGER: 10009
.1.3.6.1.2.1.17.1.4.1.2.12 = INTEGER: 10010
.1.3.6.1.2.1.17.1.4.1.2.13 = INTEGER: 10011
.1.3.6.1.2.1.17.1.4.1.2.14 = INTEGER: 10012
.1.3.6.1.2.1.17.1.4.1.2.15 = INTEGER: 10013
.1.3.6.1.2.1.17.1.4.1.2.17 = INTEGER: 10015
.1.3.6.1.2.1.17.1.4.1.2.18 = INTEGER: 10016
.1.3.6.1.2.1.17.1.4.1.2.19 = INTEGER: 10017
.1.3.6.1.2.1.17.1.4.1.2.20 = INTEGER: 10018
.1.3.6.1.2.1.17.1.4.1.2.21 = INTEGER: 10019
.1.3.6.1.2.1.17.1.4.1.2.22 = INTEGER: 10020
.1.3.6.1.2.1.17.1.4.1.2.23 = INTEGER: 10021
.1.3.6.1.2.1.17.1.4.1.2.24 = INTEGER: 10022
.1.3.6.1.2.1.17.1.4.1.2.25 = INTEGER: 10023

[2025-06-03 16:57:53] No se encontró una MAC asociada al ifIndex 20 en 203f:a:b:10::2.
[2025-06-03 16:57:53] Intento 1 fallido. No se encontró MAC para ifIndex 20.
[2025-06-03 16:57:58] Intento 2 de 5 para obtener la MAC en ifIndex 20 del switch 203f:a:b:10::2.
[2025-06-03 16:57:58] Procesando línea de MAC->Port: .1.3.6.1.2.1.17.4.3.1.2 = No Such Instance currently exists at this OID
[2025-06-03 16:57:58] Error procesando MAC o port_num: invalid literal for int() with base 10: 'No Such Instance currently exists at this OID' | Línea: .1.3.6.1.2.1.17.4.3.1.2 = No Such Instance currently exists at this OID
[2025-06-03 16:57:58] Salida de snmpwalk para MAC -> portNum:
.1.3.6.1.2.1.17.4.3.1.2 = No Such Instance currently exists at this OID

[2025-06-03 16:57:58] Procesando línea de Port->ifIndex: .1.3.6.1.2.1.17.1.4.1.2.1 = INTEGER: 10101
[2025-06-03 16:57:58] Procesando línea de Port->ifIndex: .1.3.6.1.2.1.17.1.4.1.2.2 = INTEGER: 10102
[2025-06-03 16:57:58] Procesando línea de Port->ifIndex: .1.3.6.1.2.1.17.1.4.1.2.4 = INTEGER: 10002
[2025-06-03 16:57:58] Procesando línea de Port->ifIndex: .1.3.6.1.2.1.17.1.4.1.2.5 = INTEGER: 10003
[2025-06-03 16:57:58] Procesando línea de Port->ifIndex: .1.3.6.1.2.1.17.1.4.1.2.6 = INTEGER: 10004
[2025-06-03 16:57:58] Procesando línea de Port->ifIndex: .1.3.6.1.2.1.17.1.4.1.2.7 = INTEGER: 10005
[2025-06-03 16:57:58] Procesando línea de Port->ifIndex: .1.3.6.1.2.1.17.1.4.1.2.8 = INTEGER: 10006
[2025-06-03 16:57:58] Procesando línea de Port->ifIndex: .1.3.6.1.2.1.17.1.4.1.2.9 = INTEGER: 10007
[2025-06-03 16:57:58] Procesando línea de Port->ifIndex: .1.3.6.1.2.1.17.1.4.1.2.10 = INTEGER: 10008
[2025-06-03 16:57:58] Procesando línea de Port->ifIndex: .1.3.6.1.2.1.17.1.4.1.2.11 = INTEGER: 10009
[2025-06-03 16:57:58] Procesando línea de Port->ifIndex: .1.3.6.1.2.1.17.1.4.1.2.12 = INTEGER: 10010
[2025-06-03 16:57:58] Procesando línea de Port->ifIndex: .1.3.6.1.2.1.17.1.4.1.2.13 = INTEGER: 10011
[2025-06-03 16:57:58] Procesando línea de Port->ifIndex: .1.3.6.1.2.1.17.1.4.1.2.14 = INTEGER: 10012
[2025-06-03 16:57:58] Procesando línea de Port->ifIndex: .1.3.6.1.2.1.17.1.4.1.2.15 = INTEGER: 10013
[2025-06-03 16:57:58] Procesando línea de Port->ifIndex: .1.3.6.1.2.1.17.1.4.1.2.17 = INTEGER: 10015
[2025-06-03 16:57:58] Procesando línea de Port->ifIndex: .1.3.6.1.2.1.17.1.4.1.2.18 = INTEGER: 10016
[2025-06-03 16:57:58] Procesando línea de Port->ifIndex: .1.3.6.1.2.1.17.1.4.1.2.19 = INTEGER: 10017
[2025-06-03 16:57:58] Procesando línea de Port->ifIndex: .1.3.6.1.2.1.17.1.4.1.2.20 = INTEGER: 10018
[2025-06-03 16:57:58] Procesando línea de Port->ifIndex: .1.3.6.1.2.1.17.1.4.1.2.21 = INTEGER: 10019
[2025-06-03 16:57:58] Procesando línea de Port->ifIndex: .1.3.6.1.2.1.17.1.4.1.2.22 = INTEGER: 10020
[2025-06-03 16:57:58] Procesando línea de Port->ifIndex: .1.3.6.1.2.1.17.1.4.1.2.23 = INTEGER: 10021
[2025-06-03 16:57:58] Procesando línea de Port->ifIndex: .1.3.6.1.2.1.17.1.4.1.2.24 = INTEGER: 10022
[2025-06-03 16:57:58] Procesando línea de Port->ifIndex: .1.3.6.1.2.1.17.1.4.1.2.25 = INTEGER: 10023
[2025-06-03 16:57:58] Salida de snmpwalk para portNum -> ifIndex:
.1.3.6.1.2.1.17.1.4.1.2.1 = INTEGER: 10101
.1.3.6.1.2.1.17.1.4.1.2.2 = INTEGER: 10102
.1.3.6.1.2.1.17.1.4.1.2.4 = INTEGER: 10002
.1.3.6.1.2.1.17.1.4.1.2.5 = INTEGER: 10003
.1.3.6.1.2.1.17.1.4.1.2.6 = INTEGER: 10004
.1.3.6.1.2.1.17.1.4.1.2.7 = INTEGER: 10005
.1.3.6.1.2.1.17.1.4.1.2.8 = INTEGER: 10006
.1.3.6.1.2.1.17.1.4.1.2.9 = INTEGER: 10007
.1.3.6.1.2.1.17.1.4.1.2.10 = INTEGER: 10008
.1.3.6.1.2.1.17.1.4.1.2.11 = INTEGER: 10009
.1.3.6.1.2.1.17.1.4.1.2.12 = INTEGER: 10010
.1.3.6.1.2.1.17.1.4.1.2.13 = INTEGER: 10011
.1.3.6.1.2.1.17.1.4.1.2.14 = INTEGER: 10012
.1.3.6.1.2.1.17.1.4.1.2.15 = INTEGER: 10013
.1.3.6.1.2.1.17.1.4.1.2.17 = INTEGER: 10015
.1.3.6.1.2.1.17.1.4.1.2.18 = INTEGER: 10016
.1.3.6.1.2.1.17.1.4.1.2.19 = INTEGER: 10017
.1.3.6.1.2.1.17.1.4.1.2.20 = INTEGER: 10018
.1.3.6.1.2.1.17.1.4.1.2.21 = INTEGER: 10019
.1.3.6.1.2.1.17.1.4.1.2.22 = INTEGER: 10020
.1.3.6.1.2.1.17.1.4.1.2.23 = INTEGER: 10021
.1.3.6.1.2.1.17.1.4.1.2.24 = INTEGER: 10022
.1.3.6.1.2.1.17.1.4.1.2.25 = INTEGER: 10023

[2025-06-03 16:57:58] No se encontró una MAC asociada al ifIndex 20 en 203f:a:b:10::2.
[2025-06-03 16:57:58] Intento 2 fallido. No se encontró MAC para ifIndex 20.
[2025-06-03 16:58:03] Intento 3 de 5 para obtener la MAC en ifIndex 20 del switch 203f:a:b:10::2.
[2025-06-03 16:58:03] Procesando línea de MAC->Port: .1.3.6.1.2.1.17.4.3.1.2 = No Such Instance currently exists at this OID
[2025-06-03 16:58:03] Error procesando MAC o port_num: invalid literal for int() with base 10: 'No Such Instance currently exists at this OID' | Línea: .1.3.6.1.2.1.17.4.3.1.2 = No Such Instance currently exists at this OID
[2025-06-03 16:58:03] Salida de snmpwalk para MAC -> portNum:
.1.3.6.1.2.1.17.4.3.1.2 = No Such Instance currently exists at this OID

[2025-06-03 16:58:03] Procesando línea de Port->ifIndex: .1.3.6.1.2.1.17.1.4.1.2.1 = INTEGER: 10101
[2025-06-03 16:58:03] Procesando línea de Port->ifIndex: .1.3.6.1.2.1.17.1.4.1.2.2 = INTEGER: 10102
[2025-06-03 16:58:03] Procesando línea de Port->ifIndex: .1.3.6.1.2.1.17.1.4.1.2.4 = INTEGER: 10002
[2025-06-03 16:58:03] Procesando línea de Port->ifIndex: .1.3.6.1.2.1.17.1.4.1.2.5 = INTEGER: 10003
[2025-06-03 16:58:03] Procesando línea de Port->ifIndex: .1.3.6.1.2.1.17.1.4.1.2.6 = INTEGER: 10004
[2025-06-03 16:58:03] Procesando línea de Port->ifIndex: .1.3.6.1.2.1.17.1.4.1.2.7 = INTEGER: 10005
[2025-06-03 16:58:03] Procesando línea de Port->ifIndex: .1.3.6.1.2.1.17.1.4.1.2.8 = INTEGER: 10006
[2025-06-03 16:58:03] Procesando línea de Port->ifIndex: .1.3.6.1.2.1.17.1.4.1.2.9 = INTEGER: 10007
[2025-06-03 16:58:03] Procesando línea de Port->ifIndex: .1.3.6.1.2.1.17.1.4.1.2.10 = INTEGER: 10008
[2025-06-03 16:58:03] Procesando línea de Port->ifIndex: .1.3.6.1.2.1.17.1.4.1.2.11 = INTEGER: 10009
[2025-06-03 16:58:03] Procesando línea de Port->ifIndex: .1.3.6.1.2.1.17.1.4.1.2.12 = INTEGER: 10010
[2025-06-03 16:58:03] Procesando línea de Port->ifIndex: .1.3.6.1.2.1.17.1.4.1.2.13 = INTEGER: 10011
[2025-06-03 16:58:03] Procesando línea de Port->ifIndex: .1.3.6.1.2.1.17.1.4.1.2.14 = INTEGER: 10012
[2025-06-03 16:58:03] Procesando línea de Port->ifIndex: .1.3.6.1.2.1.17.1.4.1.2.15 = INTEGER: 10013
[2025-06-03 16:58:03] Procesando línea de Port->ifIndex: .1.3.6.1.2.1.17.1.4.1.2.17 = INTEGER: 10015
[2025-06-03 16:58:03] Procesando línea de Port->ifIndex: .1.3.6.1.2.1.17.1.4.1.2.18 = INTEGER: 10016
[2025-06-03 16:58:03] Procesando línea de Port->ifIndex: .1.3.6.1.2.1.17.1.4.1.2.19 = INTEGER: 10017
[2025-06-03 16:58:03] Procesando línea de Port->ifIndex: .1.3.6.1.2.1.17.1.4.1.2.20 = INTEGER: 10018
[2025-06-03 16:58:03] Procesando línea de Port->ifIndex: .1.3.6.1.2.1.17.1.4.1.2.21 = INTEGER: 10019
[2025-06-03 16:58:03] Procesando línea de Port->ifIndex: .1.3.6.1.2.1.17.1.4.1.2.22 = INTEGER: 10020
[2025-06-03 16:58:03] Procesando línea de Port->ifIndex: .1.3.6.1.2.1.17.1.4.1.2.23 = INTEGER: 10021
[2025-06-03 16:58:03] Procesando línea de Port->ifIndex: .1.3.6.1.2.1.17.1.4.1.2.24 = INTEGER: 10022
[2025-06-03 16:58:03] Procesando línea de Port->ifIndex: .1.3.6.1.2.1.17.1.4.1.2.25 = INTEGER: 10023
[2025-06-03 16:58:03] Salida de snmpwalk para portNum -> ifIndex:
.1.3.6.1.2.1.17.1.4.1.2.1 = INTEGER: 10101
.1.3.6.1.2.1.17.1.4.1.2.2 = INTEGER: 10102
.1.3.6.1.2.1.17.1.4.1.2.4 = INTEGER: 10002
.1.3.6.1.2.1.17.1.4.1.2.5 = INTEGER: 10003
.1.3.6.1.2.1.17.1.4.1.2.6 = INTEGER: 10004
.1.3.6.1.2.1.17.1.4.1.2.7 = INTEGER: 10005
.1.3.6.1.2.1.17.1.4.1.2.8 = INTEGER: 10006
.1.3.6.1.2.1.17.1.4.1.2.9 = INTEGER: 10007
.1.3.6.1.2.1.17.1.4.1.2.10 = INTEGER: 10008
.1.3.6.1.2.1.17.1.4.1.2.11 = INTEGER: 10009
.1.3.6.1.2.1.17.1.4.1.2.12 = INTEGER: 10010
.1.3.6.1.2.1.17.1.4.1.2.13 = INTEGER: 10011
.1.3.6.1.2.1.17.1.4.1.2.14 = INTEGER: 10012
.1.3.6.1.2.1.17.1.4.1.2.15 = INTEGER: 10013
.1.3.6.1.2.1.17.1.4.1.2.17 = INTEGER: 10015
.1.3.6.1.2.1.17.1.4.1.2.18 = INTEGER: 10016
.1.3.6.1.2.1.17.1.4.1.2.19 = INTEGER: 10017
.1.3.6.1.2.1.17.1.4.1.2.20 = INTEGER: 10018
.1.3.6.1.2.1.17.1.4.1.2.21 = INTEGER: 10019
.1.3.6.1.2.1.17.1.4.1.2.22 = INTEGER: 10020
.1.3.6.1.2.1.17.1.4.1.2.23 = INTEGER: 10021
.1.3.6.1.2.1.17.1.4.1.2.24 = INTEGER: 10022
.1.3.6.1.2.1.17.1.4.1.2.25 = INTEGER: 10023

[2025-06-03 16:58:03] No se encontró una MAC asociada al ifIndex 20 en 203f:a:b:10::2.
[2025-06-03 16:58:03] Intento 3 fallido. No se encontró MAC para ifIndex 20.
[2025-06-03 16:58:08] Intento 4 de 5 para obtener la MAC en ifIndex 20 del switch 203f:a:b:10::2.
[2025-06-03 16:58:08] Procesando línea de MAC->Port: .1.3.6.1.2.1.17.4.3.1.2 = No Such Instance currently exists at this OID
[2025-06-03 16:58:08] Error procesando MAC o port_num: invalid literal for int() with base 10: 'No Such Instance currently exists at this OID' | Línea: .1.3.6.1.2.1.17.4.3.1.2 = No Such Instance currently exists at this OID
[2025-06-03 16:58:08] Salida de snmpwalk para MAC -> portNum:
.1.3.6.1.2.1.17.4.3.1.2 = No Such Instance currently exists at this OID

[2025-06-03 16:58:08] Procesando línea de Port->ifIndex: .1.3.6.1.2.1.17.1.4.1.2.1 = INTEGER: 10101
[2025-06-03 16:58:08] Procesando línea de Port->ifIndex: .1.3.6.1.2.1.17.1.4.1.2.2 = INTEGER: 10102
[2025-06-03 16:58:08] Procesando línea de Port->ifIndex: .1.3.6.1.2.1.17.1.4.1.2.4 = INTEGER: 10002
[2025-06-03 16:58:08] Procesando línea de Port->ifIndex: .1.3.6.1.2.1.17.1.4.1.2.5 = INTEGER: 10003
[2025-06-03 16:58:08] Procesando línea de Port->ifIndex: .1.3.6.1.2.1.17.1.4.1.2.6 = INTEGER: 10004
[2025-06-03 16:58:08] Procesando línea de Port->ifIndex: .1.3.6.1.2.1.17.1.4.1.2.7 = INTEGER: 10005
[2025-06-03 16:58:08] Procesando línea de Port->ifIndex: .1.3.6.1.2.1.17.1.4.1.2.8 = INTEGER: 10006
[2025-06-03 16:58:08] Procesando línea de Port->ifIndex: .1.3.6.1.2.1.17.1.4.1.2.9 = INTEGER: 10007
[2025-06-03 16:58:08] Procesando línea de Port->ifIndex: .1.3.6.1.2.1.17.1.4.1.2.10 = INTEGER: 10008
[2025-06-03 16:58:08] Procesando línea de Port->ifIndex: .1.3.6.1.2.1.17.1.4.1.2.11 = INTEGER: 10009
[2025-06-03 16:58:08] Procesando línea de Port->ifIndex: .1.3.6.1.2.1.17.1.4.1.2.12 = INTEGER: 10010
[2025-06-03 16:58:08] Procesando línea de Port->ifIndex: .1.3.6.1.2.1.17.1.4.1.2.13 = INTEGER: 10011
[2025-06-03 16:58:08] Procesando línea de Port->ifIndex: .1.3.6.1.2.1.17.1.4.1.2.14 = INTEGER: 10012
[2025-06-03 16:58:08] Procesando línea de Port->ifIndex: .1.3.6.1.2.1.17.1.4.1.2.15 = INTEGER: 10013
[2025-06-03 16:58:08] Procesando línea de Port->ifIndex: .1.3.6.1.2.1.17.1.4.1.2.17 = INTEGER: 10015
[2025-06-03 16:58:08] Procesando línea de Port->ifIndex: .1.3.6.1.2.1.17.1.4.1.2.18 = INTEGER: 10016
[2025-06-03 16:58:08] Procesando línea de Port->ifIndex: .1.3.6.1.2.1.17.1.4.1.2.19 = INTEGER: 10017
[2025-06-03 16:58:08] Procesando línea de Port->ifIndex: .1.3.6.1.2.1.17.1.4.1.2.20 = INTEGER: 10018
[2025-06-03 16:58:08] Procesando línea de Port->ifIndex: .1.3.6.1.2.1.17.1.4.1.2.21 = INTEGER: 10019
[2025-06-03 16:58:08] Procesando línea de Port->ifIndex: .1.3.6.1.2.1.17.1.4.1.2.22 = INTEGER: 10020
[2025-06-03 16:58:08] Procesando línea de Port->ifIndex: .1.3.6.1.2.1.17.1.4.1.2.23 = INTEGER: 10021
[2025-06-03 16:58:08] Procesando línea de Port->ifIndex: .1.3.6.1.2.1.17.1.4.1.2.24 = INTEGER: 10022
[2025-06-03 16:58:08] Procesando línea de Port->ifIndex: .1.3.6.1.2.1.17.1.4.1.2.25 = INTEGER: 10023
[2025-06-03 16:58:08] Salida de snmpwalk para portNum -> ifIndex:
.1.3.6.1.2.1.17.1.4.1.2.1 = INTEGER: 10101
.1.3.6.1.2.1.17.1.4.1.2.2 = INTEGER: 10102
.1.3.6.1.2.1.17.1.4.1.2.4 = INTEGER: 10002
.1.3.6.1.2.1.17.1.4.1.2.5 = INTEGER: 10003
.1.3.6.1.2.1.17.1.4.1.2.6 = INTEGER: 10004
.1.3.6.1.2.1.17.1.4.1.2.7 = INTEGER: 10005
.1.3.6.1.2.1.17.1.4.1.2.8 = INTEGER: 10006
.1.3.6.1.2.1.17.1.4.1.2.9 = INTEGER: 10007
.1.3.6.1.2.1.17.1.4.1.2.10 = INTEGER: 10008
.1.3.6.1.2.1.17.1.4.1.2.11 = INTEGER: 10009
.1.3.6.1.2.1.17.1.4.1.2.12 = INTEGER: 10010
.1.3.6.1.2.1.17.1.4.1.2.13 = INTEGER: 10011
.1.3.6.1.2.1.17.1.4.1.2.14 = INTEGER: 10012
.1.3.6.1.2.1.17.1.4.1.2.15 = INTEGER: 10013
.1.3.6.1.2.1.17.1.4.1.2.17 = INTEGER: 10015
.1.3.6.1.2.1.17.1.4.1.2.18 = INTEGER: 10016
.1.3.6.1.2.1.17.1.4.1.2.19 = INTEGER: 10017
.1.3.6.1.2.1.17.1.4.1.2.20 = INTEGER: 10018
.1.3.6.1.2.1.17.1.4.1.2.21 = INTEGER: 10019
.1.3.6.1.2.1.17.1.4.1.2.22 = INTEGER: 10020
.1.3.6.1.2.1.17.1.4.1.2.23 = INTEGER: 10021
.1.3.6.1.2.1.17.1.4.1.2.24 = INTEGER: 10022
.1.3.6.1.2.1.17.1.4.1.2.25 = INTEGER: 10023

[2025-06-03 16:58:08] No se encontró una MAC asociada al ifIndex 20 en 203f:a:b:10::2.
[2025-06-03 16:58:08] Intento 4 fallido. No se encontró MAC para ifIndex 20.
[2025-06-03 16:58:13] Intento 5 de 5 para obtener la MAC en ifIndex 20 del switch 203f:a:b:10::2.
[2025-06-03 16:58:13] Procesando línea de MAC->Port: .1.3.6.1.2.1.17.4.3.1.2 = No Such Instance currently exists at this OID
[2025-06-03 16:58:13] Error procesando MAC o port_num: invalid literal for int() with base 10: 'No Such Instance currently exists at this OID' | Línea: .1.3.6.1.2.1.17.4.3.1.2 = No Such Instance currently exists at this OID
[2025-06-03 16:58:13] Salida de snmpwalk para MAC -> portNum:
.1.3.6.1.2.1.17.4.3.1.2 = No Such Instance currently exists at this OID

[2025-06-03 16:58:13] Procesando línea de Port->ifIndex: .1.3.6.1.2.1.17.1.4.1.2.1 = INTEGER: 10101
[2025-06-03 16:58:13] Procesando línea de Port->ifIndex: .1.3.6.1.2.1.17.1.4.1.2.2 = INTEGER: 10102
[2025-06-03 16:58:13] Procesando línea de Port->ifIndex: .1.3.6.1.2.1.17.1.4.1.2.4 = INTEGER: 10002
[2025-06-03 16:58:13] Procesando línea de Port->ifIndex: .1.3.6.1.2.1.17.1.4.1.2.5 = INTEGER: 10003
[2025-06-03 16:58:13] Procesando línea de Port->ifIndex: .1.3.6.1.2.1.17.1.4.1.2.6 = INTEGER: 10004
[2025-06-03 16:58:13] Procesando línea de Port->ifIndex: .1.3.6.1.2.1.17.1.4.1.2.7 = INTEGER: 10005
[2025-06-03 16:58:13] Procesando línea de Port->ifIndex: .1.3.6.1.2.1.17.1.4.1.2.8 = INTEGER: 10006
[2025-06-03 16:58:13] Procesando línea de Port->ifIndex: .1.3.6.1.2.1.17.1.4.1.2.9 = INTEGER: 10007
[2025-06-03 16:58:13] Procesando línea de Port->ifIndex: .1.3.6.1.2.1.17.1.4.1.2.10 = INTEGER: 10008
[2025-06-03 16:58:13] Procesando línea de Port->ifIndex: .1.3.6.1.2.1.17.1.4.1.2.11 = INTEGER: 10009
[2025-06-03 16:58:13] Procesando línea de Port->ifIndex: .1.3.6.1.2.1.17.1.4.1.2.12 = INTEGER: 10010
[2025-06-03 16:58:13] Procesando línea de Port->ifIndex: .1.3.6.1.2.1.17.1.4.1.2.13 = INTEGER: 10011
[2025-06-03 16:58:13] Procesando línea de Port->ifIndex: .1.3.6.1.2.1.17.1.4.1.2.14 = INTEGER: 10012
[2025-06-03 16:58:13] Procesando línea de Port->ifIndex: .1.3.6.1.2.1.17.1.4.1.2.15 = INTEGER: 10013
[2025-06-03 16:58:13] Procesando línea de Port->ifIndex: .1.3.6.1.2.1.17.1.4.1.2.17 = INTEGER: 10015
[2025-06-03 16:58:13] Procesando línea de Port->ifIndex: .1.3.6.1.2.1.17.1.4.1.2.18 = INTEGER: 10016
[2025-06-03 16:58:13] Procesando línea de Port->ifIndex: .1.3.6.1.2.1.17.1.4.1.2.19 = INTEGER: 10017
[2025-06-03 16:58:13] Procesando línea de Port->ifIndex: .1.3.6.1.2.1.17.1.4.1.2.20 = INTEGER: 10018
[2025-06-03 16:58:13] Procesando línea de Port->ifIndex: .1.3.6.1.2.1.17.1.4.1.2.21 = INTEGER: 10019
[2025-06-03 16:58:13] Procesando línea de Port->ifIndex: .1.3.6.1.2.1.17.1.4.1.2.22 = INTEGER: 10020
[2025-06-03 16:58:13] Procesando línea de Port->ifIndex: .1.3.6.1.2.1.17.1.4.1.2.23 = INTEGER: 10021
[2025-06-03 16:58:13] Procesando línea de Port->ifIndex: .1.3.6.1.2.1.17.1.4.1.2.24 = INTEGER: 10022
[2025-06-03 16:58:13] Procesando línea de Port->ifIndex: .1.3.6.1.2.1.17.1.4.1.2.25 = INTEGER: 10023
[2025-06-03 16:58:13] Salida de snmpwalk para portNum -> ifIndex:
.1.3.6.1.2.1.17.1.4.1.2.1 = INTEGER: 10101
.1.3.6.1.2.1.17.1.4.1.2.2 = INTEGER: 10102
.1.3.6.1.2.1.17.1.4.1.2.4 = INTEGER: 10002
.1.3.6.1.2.1.17.1.4.1.2.5 = INTEGER: 10003
.1.3.6.1.2.1.17.1.4.1.2.6 = INTEGER: 10004
.1.3.6.1.2.1.17.1.4.1.2.7 = INTEGER: 10005
.1.3.6.1.2.1.17.1.4.1.2.8 = INTEGER: 10006
.1.3.6.1.2.1.17.1.4.1.2.9 = INTEGER: 10007
.1.3.6.1.2.1.17.1.4.1.2.10 = INTEGER: 10008
.1.3.6.1.2.1.17.1.4.1.2.11 = INTEGER: 10009
.1.3.6.1.2.1.17.1.4.1.2.12 = INTEGER: 10010
.1.3.6.1.2.1.17.1.4.1.2.13 = INTEGER: 10011
.1.3.6.1.2.1.17.1.4.1.2.14 = INTEGER: 10012
.1.3.6.1.2.1.17.1.4.1.2.15 = INTEGER: 10013
.1.3.6.1.2.1.17.1.4.1.2.17 = INTEGER: 10015
.1.3.6.1.2.1.17.1.4.1.2.18 = INTEGER: 10016
.1.3.6.1.2.1.17.1.4.1.2.19 = INTEGER: 10017
.1.3.6.1.2.1.17.1.4.1.2.20 = INTEGER: 10018
.1.3.6.1.2.1.17.1.4.1.2.21 = INTEGER: 10019
.1.3.6.1.2.1.17.1.4.1.2.22 = INTEGER: 10020
.1.3.6.1.2.1.17.1.4.1.2.23 = INTEGER: 10021
.1.3.6.1.2.1.17.1.4.1.2.24 = INTEGER: 10022
.1.3.6.1.2.1.17.1.4.1.2.25 = INTEGER: 10023

[2025-06-03 16:58:13] No se encontró una MAC asociada al ifIndex 20 en 203f:a:b:10::2.
[2025-06-03 16:58:13] Intento 5 fallido. No se encontró MAC para ifIndex 20.
[2025-06-03 16:58:18] No se pudo obtener la MAC tras 5 intentos para ifIndex 20 en 203f:a:b:10::2.
[2025-06-03 16:58:18] Intento 1 de 5 para obtener la MAC en ifIndex 10001 del switch 203f:a:b:10::2.
[2025-06-03 16:58:18] Procesando línea de MAC->Port: .1.3.6.1.2.1.17.4.3.1.2 = No Such Instance currently exists at this OID
[2025-06-03 16:58:18] Error procesando MAC o port_num: invalid literal for int() with base 10: 'No Such Instance currently exists at this OID' | Línea: .1.3.6.1.2.1.17.4.3.1.2 = No Such Instance currently exists at this OID
[2025-06-03 16:58:18] Salida de snmpwalk para MAC -> portNum:
.1.3.6.1.2.1.17.4.3.1.2 = No Such Instance currently exists at this OID

[2025-06-03 16:58:18] Procesando línea de Port->ifIndex: .1.3.6.1.2.1.17.1.4.1.2.1 = INTEGER: 10101
[2025-06-03 16:58:18] Procesando línea de Port->ifIndex: .1.3.6.1.2.1.17.1.4.1.2.2 = INTEGER: 10102
[2025-06-03 16:58:18] Procesando línea de Port->ifIndex: .1.3.6.1.2.1.17.1.4.1.2.4 = INTEGER: 10002
[2025-06-03 16:58:18] Procesando línea de Port->ifIndex: .1.3.6.1.2.1.17.1.4.1.2.5 = INTEGER: 10003
[2025-06-03 16:58:18] Procesando línea de Port->ifIndex: .1.3.6.1.2.1.17.1.4.1.2.6 = INTEGER: 10004
[2025-06-03 16:58:18] Procesando línea de Port->ifIndex: .1.3.6.1.2.1.17.1.4.1.2.7 = INTEGER: 10005
[2025-06-03 16:58:18] Procesando línea de Port->ifIndex: .1.3.6.1.2.1.17.1.4.1.2.8 = INTEGER: 10006
[2025-06-03 16:58:18] Procesando línea de Port->ifIndex: .1.3.6.1.2.1.17.1.4.1.2.9 = INTEGER: 10007
[2025-06-03 16:58:18] Procesando línea de Port->ifIndex: .1.3.6.1.2.1.17.1.4.1.2.10 = INTEGER: 10008
[2025-06-03 16:58:18] Procesando línea de Port->ifIndex: .1.3.6.1.2.1.17.1.4.1.2.11 = INTEGER: 10009
[2025-06-03 16:58:18] Procesando línea de Port->ifIndex: .1.3.6.1.2.1.17.1.4.1.2.12 = INTEGER: 10010
[2025-06-03 16:58:18] Procesando línea de Port->ifIndex: .1.3.6.1.2.1.17.1.4.1.2.13 = INTEGER: 10011
[2025-06-03 16:58:18] Procesando línea de Port->ifIndex: .1.3.6.1.2.1.17.1.4.1.2.14 = INTEGER: 10012
[2025-06-03 16:58:18] Procesando línea de Port->ifIndex: .1.3.6.1.2.1.17.1.4.1.2.15 = INTEGER: 10013
[2025-06-03 16:58:18] Procesando línea de Port->ifIndex: .1.3.6.1.2.1.17.1.4.1.2.17 = INTEGER: 10015
[2025-06-03 16:58:18] Procesando línea de Port->ifIndex: .1.3.6.1.2.1.17.1.4.1.2.18 = INTEGER: 10016
[2025-06-03 16:58:18] Procesando línea de Port->ifIndex: .1.3.6.1.2.1.17.1.4.1.2.19 = INTEGER: 10017
[2025-06-03 16:58:18] Procesando línea de Port->ifIndex: .1.3.6.1.2.1.17.1.4.1.2.20 = INTEGER: 10018
[2025-06-03 16:58:18] Procesando línea de Port->ifIndex: .1.3.6.1.2.1.17.1.4.1.2.21 = INTEGER: 10019
[2025-06-03 16:58:18] Procesando línea de Port->ifIndex: .1.3.6.1.2.1.17.1.4.1.2.22 = INTEGER: 10020
[2025-06-03 16:58:18] Procesando línea de Port->ifIndex: .1.3.6.1.2.1.17.1.4.1.2.23 = INTEGER: 10021
[2025-06-03 16:58:18] Procesando línea de Port->ifIndex: .1.3.6.1.2.1.17.1.4.1.2.24 = INTEGER: 10022
[2025-06-03 16:58:18] Procesando línea de Port->ifIndex: .1.3.6.1.2.1.17.1.4.1.2.25 = INTEGER: 10023
[2025-06-03 16:58:18] Salida de snmpwalk para portNum -> ifIndex:
.1.3.6.1.2.1.17.1.4.1.2.1 = INTEGER: 10101
.1.3.6.1.2.1.17.1.4.1.2.2 = INTEGER: 10102
.1.3.6.1.2.1.17.1.4.1.2.4 = INTEGER: 10002
.1.3.6.1.2.1.17.1.4.1.2.5 = INTEGER: 10003
.1.3.6.1.2.1.17.1.4.1.2.6 = INTEGER: 10004
.1.3.6.1.2.1.17.1.4.1.2.7 = INTEGER: 10005
.1.3.6.1.2.1.17.1.4.1.2.8 = INTEGER: 10006
.1.3.6.1.2.1.17.1.4.1.2.9 = INTEGER: 10007
.1.3.6.1.2.1.17.1.4.1.2.10 = INTEGER: 10008
.1.3.6.1.2.1.17.1.4.1.2.11 = INTEGER: 10009
.1.3.6.1.2.1.17.1.4.1.2.12 = INTEGER: 10010
.1.3.6.1.2.1.17.1.4.1.2.13 = INTEGER: 10011
.1.3.6.1.2.1.17.1.4.1.2.14 = INTEGER: 10012
.1.3.6.1.2.1.17.1.4.1.2.15 = INTEGER: 10013
.1.3.6.1.2.1.17.1.4.1.2.17 = INTEGER: 10015
.1.3.6.1.2.1.17.1.4.1.2.18 = INTEGER: 10016
.1.3.6.1.2.1.17.1.4.1.2.19 = INTEGER: 10017
.1.3.6.1.2.1.17.1.4.1.2.20 = INTEGER: 10018
.1.3.6.1.2.1.17.1.4.1.2.21 = INTEGER: 10019
.1.3.6.1.2.1.17.1.4.1.2.22 = INTEGER: 10020
.1.3.6.1.2.1.17.1.4.1.2.23 = INTEGER: 10021
.1.3.6.1.2.1.17.1.4.1.2.24 = INTEGER: 10022
.1.3.6.1.2.1.17.1.4.1.2.25 = INTEGER: 10023

[2025-06-03 16:58:18] No se encontró una MAC asociada al ifIndex 10001 en 203f:a:b:10::2.
[2025-06-03 16:58:18] Intento 1 fallido. No se encontró MAC para ifIndex 10001.
[2025-06-03 16:58:23] Intento 2 de 5 para obtener la MAC en ifIndex 10001 del switch 203f:a:b:10::2.
[2025-06-03 16:58:23] Procesando línea de MAC->Port: .1.3.6.1.2.1.17.4.3.1.2 = No Such Instance currently exists at this OID
[2025-06-03 16:58:23] Error procesando MAC o port_num: invalid literal for int() with base 10: 'No Such Instance currently exists at this OID' | Línea: .1.3.6.1.2.1.17.4.3.1.2 = No Such Instance currently exists at this OID
[2025-06-03 16:58:23] Salida de snmpwalk para MAC -> portNum:
.1.3.6.1.2.1.17.4.3.1.2 = No Such Instance currently exists at this OID

[2025-06-03 16:58:24] Procesando línea de Port->ifIndex: .1.3.6.1.2.1.17.1.4.1.2.1 = INTEGER: 10101
[2025-06-03 16:58:24] Procesando línea de Port->ifIndex: .1.3.6.1.2.1.17.1.4.1.2.2 = INTEGER: 10102
[2025-06-03 16:58:24] Procesando línea de Port->ifIndex: .1.3.6.1.2.1.17.1.4.1.2.4 = INTEGER: 10002
[2025-06-03 16:58:24] Procesando línea de Port->ifIndex: .1.3.6.1.2.1.17.1.4.1.2.5 = INTEGER: 10003
[2025-06-03 16:58:24] Procesando línea de Port->ifIndex: .1.3.6.1.2.1.17.1.4.1.2.6 = INTEGER: 10004
[2025-06-03 16:58:24] Procesando línea de Port->ifIndex: .1.3.6.1.2.1.17.1.4.1.2.7 = INTEGER: 10005
[2025-06-03 16:58:24] Procesando línea de Port->ifIndex: .1.3.6.1.2.1.17.1.4.1.2.8 = INTEGER: 10006
[2025-06-03 16:58:24] Procesando línea de Port->ifIndex: .1.3.6.1.2.1.17.1.4.1.2.9 = INTEGER: 10007
[2025-06-03 16:58:24] Procesando línea de Port->ifIndex: .1.3.6.1.2.1.17.1.4.1.2.10 = INTEGER: 10008
[2025-06-03 16:58:24] Procesando línea de Port->ifIndex: .1.3.6.1.2.1.17.1.4.1.2.11 = INTEGER: 10009
[2025-06-03 16:58:24] Procesando línea de Port->ifIndex: .1.3.6.1.2.1.17.1.4.1.2.12 = INTEGER: 10010
[2025-06-03 16:58:24] Procesando línea de Port->ifIndex: .1.3.6.1.2.1.17.1.4.1.2.13 = INTEGER: 10011
[2025-06-03 16:58:24] Procesando línea de Port->ifIndex: .1.3.6.1.2.1.17.1.4.1.2.14 = INTEGER: 10012
[2025-06-03 16:58:24] Procesando línea de Port->ifIndex: .1.3.6.1.2.1.17.1.4.1.2.15 = INTEGER: 10013
[2025-06-03 16:58:24] Procesando línea de Port->ifIndex: .1.3.6.1.2.1.17.1.4.1.2.17 = INTEGER: 10015
[2025-06-03 16:58:24] Procesando línea de Port->ifIndex: .1.3.6.1.2.1.17.1.4.1.2.18 = INTEGER: 10016
[2025-06-03 16:58:24] Procesando línea de Port->ifIndex: .1.3.6.1.2.1.17.1.4.1.2.19 = INTEGER: 10017
[2025-06-03 16:58:24] Procesando línea de Port->ifIndex: .1.3.6.1.2.1.17.1.4.1.2.20 = INTEGER: 10018
[2025-06-03 16:58:24] Procesando línea de Port->ifIndex: .1.3.6.1.2.1.17.1.4.1.2.21 = INTEGER: 10019
[2025-06-03 16:58:24] Procesando línea de Port->ifIndex: .1.3.6.1.2.1.17.1.4.1.2.22 = INTEGER: 10020
[2025-06-03 16:58:24] Procesando línea de Port->ifIndex: .1.3.6.1.2.1.17.1.4.1.2.23 = INTEGER: 10021
[2025-06-03 16:58:24] Procesando línea de Port->ifIndex: .1.3.6.1.2.1.17.1.4.1.2.24 = INTEGER: 10022
[2025-06-03 16:58:24] Procesando línea de Port->ifIndex: .1.3.6.1.2.1.17.1.4.1.2.25 = INTEGER: 10023
[2025-06-03 16:58:24] Salida de snmpwalk para portNum -> ifIndex:
.1.3.6.1.2.1.17.1.4.1.2.1 = INTEGER: 10101
.1.3.6.1.2.1.17.1.4.1.2.2 = INTEGER: 10102
.1.3.6.1.2.1.17.1.4.1.2.4 = INTEGER: 10002
.1.3.6.1.2.1.17.1.4.1.2.5 = INTEGER: 10003
.1.3.6.1.2.1.17.1.4.1.2.6 = INTEGER: 10004
.1.3.6.1.2.1.17.1.4.1.2.7 = INTEGER: 10005
.1.3.6.1.2.1.17.1.4.1.2.8 = INTEGER: 10006
.1.3.6.1.2.1.17.1.4.1.2.9 = INTEGER: 10007
.1.3.6.1.2.1.17.1.4.1.2.10 = INTEGER: 10008
.1.3.6.1.2.1.17.1.4.1.2.11 = INTEGER: 10009
.1.3.6.1.2.1.17.1.4.1.2.12 = INTEGER: 10010
.1.3.6.1.2.1.17.1.4.1.2.13 = INTEGER: 10011
.1.3.6.1.2.1.17.1.4.1.2.14 = INTEGER: 10012
.1.3.6.1.2.1.17.1.4.1.2.15 = INTEGER: 10013
.1.3.6.1.2.1.17.1.4.1.2.17 = INTEGER: 10015
.1.3.6.1.2.1.17.1.4.1.2.18 = INTEGER: 10016
.1.3.6.1.2.1.17.1.4.1.2.19 = INTEGER: 10017
.1.3.6.1.2.1.17.1.4.1.2.20 = INTEGER: 10018
.1.3.6.1.2.1.17.1.4.1.2.21 = INTEGER: 10019
.1.3.6.1.2.1.17.1.4.1.2.22 = INTEGER: 10020
.1.3.6.1.2.1.17.1.4.1.2.23 = INTEGER: 10021
.1.3.6.1.2.1.17.1.4.1.2.24 = INTEGER: 10022
.1.3.6.1.2.1.17.1.4.1.2.25 = INTEGER: 10023

[2025-06-03 16:58:24] No se encontró una MAC asociada al ifIndex 10001 en 203f:a:b:10::2.
[2025-06-03 16:58:24] Intento 2 fallido. No se encontró MAC para ifIndex 10001.
[2025-06-03 16:58:29] Intento 3 de 5 para obtener la MAC en ifIndex 10001 del switch 203f:a:b:10::2.
[2025-06-03 16:58:29] Procesando línea de MAC->Port: .1.3.6.1.2.1.17.4.3.1.2 = No Such Instance currently exists at this OID
[2025-06-03 16:58:29] Error procesando MAC o port_num: invalid literal for int() with base 10: 'No Such Instance currently exists at this OID' | Línea: .1.3.6.1.2.1.17.4.3.1.2 = No Such Instance currently exists at this OID
[2025-06-03 16:58:29] Salida de snmpwalk para MAC -> portNum:
.1.3.6.1.2.1.17.4.3.1.2 = No Such Instance currently exists at this OID

[2025-06-03 16:58:29] Procesando línea de Port->ifIndex: .1.3.6.1.2.1.17.1.4.1.2.1 = INTEGER: 10101
[2025-06-03 16:58:29] Procesando línea de Port->ifIndex: .1.3.6.1.2.1.17.1.4.1.2.2 = INTEGER: 10102
[2025-06-03 16:58:29] Procesando línea de Port->ifIndex: .1.3.6.1.2.1.17.1.4.1.2.4 = INTEGER: 10002
[2025-06-03 16:58:29] Procesando línea de Port->ifIndex: .1.3.6.1.2.1.17.1.4.1.2.5 = INTEGER: 10003
[2025-06-03 16:58:29] Procesando línea de Port->ifIndex: .1.3.6.1.2.1.17.1.4.1.2.6 = INTEGER: 10004
[2025-06-03 16:58:29] Procesando línea de Port->ifIndex: .1.3.6.1.2.1.17.1.4.1.2.7 = INTEGER: 10005
[2025-06-03 16:58:29] Procesando línea de Port->ifIndex: .1.3.6.1.2.1.17.1.4.1.2.8 = INTEGER: 10006
[2025-06-03 16:58:29] Procesando línea de Port->ifIndex: .1.3.6.1.2.1.17.1.4.1.2.9 = INTEGER: 10007
[2025-06-03 16:58:29] Procesando línea de Port->ifIndex: .1.3.6.1.2.1.17.1.4.1.2.10 = INTEGER: 10008
[2025-06-03 16:58:29] Procesando línea de Port->ifIndex: .1.3.6.1.2.1.17.1.4.1.2.11 = INTEGER: 10009
[2025-06-03 16:58:29] Procesando línea de Port->ifIndex: .1.3.6.1.2.1.17.1.4.1.2.12 = INTEGER: 10010
[2025-06-03 16:58:29] Procesando línea de Port->ifIndex: .1.3.6.1.2.1.17.1.4.1.2.13 = INTEGER: 10011
[2025-06-03 16:58:29] Procesando línea de Port->ifIndex: .1.3.6.1.2.1.17.1.4.1.2.14 = INTEGER: 10012
[2025-06-03 16:58:29] Procesando línea de Port->ifIndex: .1.3.6.1.2.1.17.1.4.1.2.15 = INTEGER: 10013
[2025-06-03 16:58:29] Procesando línea de Port->ifIndex: .1.3.6.1.2.1.17.1.4.1.2.17 = INTEGER: 10015
[2025-06-03 16:58:29] Procesando línea de Port->ifIndex: .1.3.6.1.2.1.17.1.4.1.2.18 = INTEGER: 10016
[2025-06-03 16:58:29] Procesando línea de Port->ifIndex: .1.3.6.1.2.1.17.1.4.1.2.19 = INTEGER: 10017
[2025-06-03 16:58:29] Procesando línea de Port->ifIndex: .1.3.6.1.2.1.17.1.4.1.2.20 = INTEGER: 10018
[2025-06-03 16:58:29] Procesando línea de Port->ifIndex: .1.3.6.1.2.1.17.1.4.1.2.21 = INTEGER: 10019
[2025-06-03 16:58:29] Procesando línea de Port->ifIndex: .1.3.6.1.2.1.17.1.4.1.2.22 = INTEGER: 10020
[2025-06-03 16:58:29] Procesando línea de Port->ifIndex: .1.3.6.1.2.1.17.1.4.1.2.23 = INTEGER: 10021
[2025-06-03 16:58:29] Procesando línea de Port->ifIndex: .1.3.6.1.2.1.17.1.4.1.2.24 = INTEGER: 10022
[2025-06-03 16:58:29] Procesando línea de Port->ifIndex: .1.3.6.1.2.1.17.1.4.1.2.25 = INTEGER: 10023
[2025-06-03 16:58:29] Salida de snmpwalk para portNum -> ifIndex:
.1.3.6.1.2.1.17.1.4.1.2.1 = INTEGER: 10101
.1.3.6.1.2.1.17.1.4.1.2.2 = INTEGER: 10102
.1.3.6.1.2.1.17.1.4.1.2.4 = INTEGER: 10002
.1.3.6.1.2.1.17.1.4.1.2.5 = INTEGER: 10003
.1.3.6.1.2.1.17.1.4.1.2.6 = INTEGER: 10004
.1.3.6.1.2.1.17.1.4.1.2.7 = INTEGER: 10005
.1.3.6.1.2.1.17.1.4.1.2.8 = INTEGER: 10006
.1.3.6.1.2.1.17.1.4.1.2.9 = INTEGER: 10007
.1.3.6.1.2.1.17.1.4.1.2.10 = INTEGER: 10008
.1.3.6.1.2.1.17.1.4.1.2.11 = INTEGER: 10009
.1.3.6.1.2.1.17.1.4.1.2.12 = INTEGER: 10010
.1.3.6.1.2.1.17.1.4.1.2.13 = INTEGER: 10011
.1.3.6.1.2.1.17.1.4.1.2.14 = INTEGER: 10012
.1.3.6.1.2.1.17.1.4.1.2.15 = INTEGER: 10013
.1.3.6.1.2.1.17.1.4.1.2.17 = INTEGER: 10015
.1.3.6.1.2.1.17.1.4.1.2.18 = INTEGER: 10016
.1.3.6.1.2.1.17.1.4.1.2.19 = INTEGER: 10017
.1.3.6.1.2.1.17.1.4.1.2.20 = INTEGER: 10018
.1.3.6.1.2.1.17.1.4.1.2.21 = INTEGER: 10019
.1.3.6.1.2.1.17.1.4.1.2.22 = INTEGER: 10020
.1.3.6.1.2.1.17.1.4.1.2.23 = INTEGER: 10021
.1.3.6.1.2.1.17.1.4.1.2.24 = INTEGER: 10022
.1.3.6.1.2.1.17.1.4.1.2.25 = INTEGER: 10023

[2025-06-03 16:58:29] No se encontró una MAC asociada al ifIndex 10001 en 203f:a:b:10::2.
[2025-06-03 16:58:29] Intento 3 fallido. No se encontró MAC para ifIndex 10001.
[2025-06-03 16:58:34] Intento 4 de 5 para obtener la MAC en ifIndex 10001 del switch 203f:a:b:10::2.
[2025-06-03 16:58:34] Procesando línea de MAC->Port: .1.3.6.1.2.1.17.4.3.1.2 = No Such Instance currently exists at this OID
[2025-06-03 16:58:34] Error procesando MAC o port_num: invalid literal for int() with base 10: 'No Such Instance currently exists at this OID' | Línea: .1.3.6.1.2.1.17.4.3.1.2 = No Such Instance currently exists at this OID
[2025-06-03 16:58:34] Salida de snmpwalk para MAC -> portNum:
.1.3.6.1.2.1.17.4.3.1.2 = No Such Instance currently exists at this OID

[2025-06-03 16:58:34] Procesando línea de Port->ifIndex: .1.3.6.1.2.1.17.1.4.1.2.1 = INTEGER: 10101
[2025-06-03 16:58:34] Procesando línea de Port->ifIndex: .1.3.6.1.2.1.17.1.4.1.2.2 = INTEGER: 10102
[2025-06-03 16:58:34] Procesando línea de Port->ifIndex: .1.3.6.1.2.1.17.1.4.1.2.4 = INTEGER: 10002
[2025-06-03 16:58:34] Procesando línea de Port->ifIndex: .1.3.6.1.2.1.17.1.4.1.2.5 = INTEGER: 10003
[2025-06-03 16:58:34] Procesando línea de Port->ifIndex: .1.3.6.1.2.1.17.1.4.1.2.6 = INTEGER: 10004
[2025-06-03 16:58:34] Procesando línea de Port->ifIndex: .1.3.6.1.2.1.17.1.4.1.2.7 = INTEGER: 10005
[2025-06-03 16:58:34] Procesando línea de Port->ifIndex: .1.3.6.1.2.1.17.1.4.1.2.8 = INTEGER: 10006
[2025-06-03 16:58:34] Procesando línea de Port->ifIndex: .1.3.6.1.2.1.17.1.4.1.2.9 = INTEGER: 10007
[2025-06-03 16:58:34] Procesando línea de Port->ifIndex: .1.3.6.1.2.1.17.1.4.1.2.10 = INTEGER: 10008
[2025-06-03 16:58:34] Procesando línea de Port->ifIndex: .1.3.6.1.2.1.17.1.4.1.2.11 = INTEGER: 10009
[2025-06-03 16:58:34] Procesando línea de Port->ifIndex: .1.3.6.1.2.1.17.1.4.1.2.12 = INTEGER: 10010
[2025-06-03 16:58:34] Procesando línea de Port->ifIndex: .1.3.6.1.2.1.17.1.4.1.2.13 = INTEGER: 10011
[2025-06-03 16:58:34] Procesando línea de Port->ifIndex: .1.3.6.1.2.1.17.1.4.1.2.14 = INTEGER: 10012
[2025-06-03 16:58:34] Procesando línea de Port->ifIndex: .1.3.6.1.2.1.17.1.4.1.2.15 = INTEGER: 10013
[2025-06-03 16:58:34] Procesando línea de Port->ifIndex: .1.3.6.1.2.1.17.1.4.1.2.17 = INTEGER: 10015
[2025-06-03 16:58:34] Procesando línea de Port->ifIndex: .1.3.6.1.2.1.17.1.4.1.2.18 = INTEGER: 10016
[2025-06-03 16:58:34] Procesando línea de Port->ifIndex: .1.3.6.1.2.1.17.1.4.1.2.19 = INTEGER: 10017
[2025-06-03 16:58:34] Procesando línea de Port->ifIndex: .1.3.6.1.2.1.17.1.4.1.2.20 = INTEGER: 10018
[2025-06-03 16:58:34] Procesando línea de Port->ifIndex: .1.3.6.1.2.1.17.1.4.1.2.21 = INTEGER: 10019
[2025-06-03 16:58:34] Procesando línea de Port->ifIndex: .1.3.6.1.2.1.17.1.4.1.2.22 = INTEGER: 10020
[2025-06-03 16:58:34] Procesando línea de Port->ifIndex: .1.3.6.1.2.1.17.1.4.1.2.23 = INTEGER: 10021
[2025-06-03 16:58:34] Procesando línea de Port->ifIndex: .1.3.6.1.2.1.17.1.4.1.2.24 = INTEGER: 10022
[2025-06-03 16:58:34] Procesando línea de Port->ifIndex: .1.3.6.1.2.1.17.1.4.1.2.25 = INTEGER: 10023
[2025-06-03 16:58:34] Salida de snmpwalk para portNum -> ifIndex:
.1.3.6.1.2.1.17.1.4.1.2.1 = INTEGER: 10101
.1.3.6.1.2.1.17.1.4.1.2.2 = INTEGER: 10102
.1.3.6.1.2.1.17.1.4.1.2.4 = INTEGER: 10002
.1.3.6.1.2.1.17.1.4.1.2.5 = INTEGER: 10003
.1.3.6.1.2.1.17.1.4.1.2.6 = INTEGER: 10004
.1.3.6.1.2.1.17.1.4.1.2.7 = INTEGER: 10005
.1.3.6.1.2.1.17.1.4.1.2.8 = INTEGER: 10006
.1.3.6.1.2.1.17.1.4.1.2.9 = INTEGER: 10007
.1.3.6.1.2.1.17.1.4.1.2.10 = INTEGER: 10008
.1.3.6.1.2.1.17.1.4.1.2.11 = INTEGER: 10009
.1.3.6.1.2.1.17.1.4.1.2.12 = INTEGER: 10010
.1.3.6.1.2.1.17.1.4.1.2.13 = INTEGER: 10011
.1.3.6.1.2.1.17.1.4.1.2.14 = INTEGER: 10012
.1.3.6.1.2.1.17.1.4.1.2.15 = INTEGER: 10013
.1.3.6.1.2.1.17.1.4.1.2.17 = INTEGER: 10015
.1.3.6.1.2.1.17.1.4.1.2.18 = INTEGER: 10016
.1.3.6.1.2.1.17.1.4.1.2.19 = INTEGER: 10017
.1.3.6.1.2.1.17.1.4.1.2.20 = INTEGER: 10018
.1.3.6.1.2.1.17.1.4.1.2.21 = INTEGER: 10019
.1.3.6.1.2.1.17.1.4.1.2.22 = INTEGER: 10020
.1.3.6.1.2.1.17.1.4.1.2.23 = INTEGER: 10021
.1.3.6.1.2.1.17.1.4.1.2.24 = INTEGER: 10022
.1.3.6.1.2.1.17.1.4.1.2.25 = INTEGER: 10023

[2025-06-03 16:58:34] No se encontró una MAC asociada al ifIndex 10001 en 203f:a:b:10::2.
[2025-06-03 16:58:34] Intento 4 fallido. No se encontró MAC para ifIndex 10001.
[2025-06-03 16:58:39] Intento 5 de 5 para obtener la MAC en ifIndex 10001 del switch 203f:a:b:10::2.
[2025-06-03 16:58:39] Procesando línea de MAC->Port: .1.3.6.1.2.1.17.4.3.1.2 = No Such Instance currently exists at this OID
[2025-06-03 16:58:39] Error procesando MAC o port_num: invalid literal for int() with base 10: 'No Such Instance currently exists at this OID' | Línea: .1.3.6.1.2.1.17.4.3.1.2 = No Such Instance currently exists at this OID
[2025-06-03 16:58:39] Salida de snmpwalk para MAC -> portNum:
.1.3.6.1.2.1.17.4.3.1.2 = No Such Instance currently exists at this OID

[2025-06-03 16:58:39] Procesando línea de Port->ifIndex: .1.3.6.1.2.1.17.1.4.1.2.1 = INTEGER: 10101
[2025-06-03 16:58:39] Procesando línea de Port->ifIndex: .1.3.6.1.2.1.17.1.4.1.2.2 = INTEGER: 10102
[2025-06-03 16:58:39] Procesando línea de Port->ifIndex: .1.3.6.1.2.1.17.1.4.1.2.4 = INTEGER: 10002
[2025-06-03 16:58:39] Procesando línea de Port->ifIndex: .1.3.6.1.2.1.17.1.4.1.2.5 = INTEGER: 10003
[2025-06-03 16:58:39] Procesando línea de Port->ifIndex: .1.3.6.1.2.1.17.1.4.1.2.6 = INTEGER: 10004
[2025-06-03 16:58:39] Procesando línea de Port->ifIndex: .1.3.6.1.2.1.17.1.4.1.2.7 = INTEGER: 10005
[2025-06-03 16:58:39] Procesando línea de Port->ifIndex: .1.3.6.1.2.1.17.1.4.1.2.8 = INTEGER: 10006
[2025-06-03 16:58:39] Procesando línea de Port->ifIndex: .1.3.6.1.2.1.17.1.4.1.2.9 = INTEGER: 10007
[2025-06-03 16:58:39] Procesando línea de Port->ifIndex: .1.3.6.1.2.1.17.1.4.1.2.10 = INTEGER: 10008
[2025-06-03 16:58:39] Procesando línea de Port->ifIndex: .1.3.6.1.2.1.17.1.4.1.2.11 = INTEGER: 10009
[2025-06-03 16:58:39] Procesando línea de Port->ifIndex: .1.3.6.1.2.1.17.1.4.1.2.12 = INTEGER: 10010
[2025-06-03 16:58:39] Procesando línea de Port->ifIndex: .1.3.6.1.2.1.17.1.4.1.2.13 = INTEGER: 10011
[2025-06-03 16:58:39] Procesando línea de Port->ifIndex: .1.3.6.1.2.1.17.1.4.1.2.14 = INTEGER: 10012
[2025-06-03 16:58:39] Procesando línea de Port->ifIndex: .1.3.6.1.2.1.17.1.4.1.2.15 = INTEGER: 10013
[2025-06-03 16:58:39] Procesando línea de Port->ifIndex: .1.3.6.1.2.1.17.1.4.1.2.17 = INTEGER: 10015
[2025-06-03 16:58:39] Procesando línea de Port->ifIndex: .1.3.6.1.2.1.17.1.4.1.2.18 = INTEGER: 10016
[2025-06-03 16:58:39] Procesando línea de Port->ifIndex: .1.3.6.1.2.1.17.1.4.1.2.19 = INTEGER: 10017
[2025-06-03 16:58:39] Procesando línea de Port->ifIndex: .1.3.6.1.2.1.17.1.4.1.2.20 = INTEGER: 10018
[2025-06-03 16:58:39] Procesando línea de Port->ifIndex: .1.3.6.1.2.1.17.1.4.1.2.21 = INTEGER: 10019
[2025-06-03 16:58:39] Procesando línea de Port->ifIndex: .1.3.6.1.2.1.17.1.4.1.2.22 = INTEGER: 10020
[2025-06-03 16:58:39] Procesando línea de Port->ifIndex: .1.3.6.1.2.1.17.1.4.1.2.23 = INTEGER: 10021
[2025-06-03 16:58:39] Procesando línea de Port->ifIndex: .1.3.6.1.2.1.17.1.4.1.2.24 = INTEGER: 10022
[2025-06-03 16:58:39] Procesando línea de Port->ifIndex: .1.3.6.1.2.1.17.1.4.1.2.25 = INTEGER: 10023
[2025-06-03 16:58:39] Salida de snmpwalk para portNum -> ifIndex:
.1.3.6.1.2.1.17.1.4.1.2.1 = INTEGER: 10101
.1.3.6.1.2.1.17.1.4.1.2.2 = INTEGER: 10102
.1.3.6.1.2.1.17.1.4.1.2.4 = INTEGER: 10002
.1.3.6.1.2.1.17.1.4.1.2.5 = INTEGER: 10003
.1.3.6.1.2.1.17.1.4.1.2.6 = INTEGER: 10004
.1.3.6.1.2.1.17.1.4.1.2.7 = INTEGER: 10005
.1.3.6.1.2.1.17.1.4.1.2.8 = INTEGER: 10006
.1.3.6.1.2.1.17.1.4.1.2.9 = INTEGER: 10007
.1.3.6.1.2.1.17.1.4.1.2.10 = INTEGER: 10008
.1.3.6.1.2.1.17.1.4.1.2.11 = INTEGER: 10009
.1.3.6.1.2.1.17.1.4.1.2.12 = INTEGER: 10010
.1.3.6.1.2.1.17.1.4.1.2.13 = INTEGER: 10011
.1.3.6.1.2.1.17.1.4.1.2.14 = INTEGER: 10012
.1.3.6.1.2.1.17.1.4.1.2.15 = INTEGER: 10013
.1.3.6.1.2.1.17.1.4.1.2.17 = INTEGER: 10015
.1.3.6.1.2.1.17.1.4.1.2.18 = INTEGER: 10016
.1.3.6.1.2.1.17.1.4.1.2.19 = INTEGER: 10017
.1.3.6.1.2.1.17.1.4.1.2.20 = INTEGER: 10018
.1.3.6.1.2.1.17.1.4.1.2.21 = INTEGER: 10019
.1.3.6.1.2.1.17.1.4.1.2.22 = INTEGER: 10020
.1.3.6.1.2.1.17.1.4.1.2.23 = INTEGER: 10021
.1.3.6.1.2.1.17.1.4.1.2.24 = INTEGER: 10022
.1.3.6.1.2.1.17.1.4.1.2.25 = INTEGER: 10023

[2025-06-03 16:58:39] No se encontró una MAC asociada al ifIndex 10001 en 203f:a:b:10::2.
[2025-06-03 16:58:39] Intento 5 fallido. No se encontró MAC para ifIndex 10001.
[2025-06-03 16:58:44] No se pudo obtener la MAC tras 5 intentos para ifIndex 10001 en 203f:a:b:10::2.
[2025-06-03 16:58:52] Intento 1 de 5 para obtener la MAC en ifIndex 10014 del switch 203f:a:b:10::2.
[2025-06-03 16:58:53] Procesando línea de MAC->Port: .1.3.6.1.2.1.17.4.3.1.2 = No Such Instance currently exists at this OID
[2025-06-03 16:58:53] Error procesando MAC o port_num: invalid literal for int() with base 10: 'No Such Instance currently exists at this OID' | Línea: .1.3.6.1.2.1.17.4.3.1.2 = No Such Instance currently exists at this OID
[2025-06-03 16:58:53] Salida de snmpwalk para MAC -> portNum:
.1.3.6.1.2.1.17.4.3.1.2 = No Such Instance currently exists at this OID

[2025-06-03 16:58:53] Procesando línea de Port->ifIndex: .1.3.6.1.2.1.17.1.4.1.2.1 = INTEGER: 10101
[2025-06-03 16:58:53] Procesando línea de Port->ifIndex: .1.3.6.1.2.1.17.1.4.1.2.2 = INTEGER: 10102
[2025-06-03 16:58:53] Procesando línea de Port->ifIndex: .1.3.6.1.2.1.17.1.4.1.2.3 = INTEGER: 10001
[2025-06-03 16:58:53] Procesando línea de Port->ifIndex: .1.3.6.1.2.1.17.1.4.1.2.4 = INTEGER: 10002
[2025-06-03 16:58:53] Procesando línea de Port->ifIndex: .1.3.6.1.2.1.17.1.4.1.2.5 = INTEGER: 10003
[2025-06-03 16:58:53] Procesando línea de Port->ifIndex: .1.3.6.1.2.1.17.1.4.1.2.6 = INTEGER: 10004
[2025-06-03 16:58:53] Procesando línea de Port->ifIndex: .1.3.6.1.2.1.17.1.4.1.2.7 = INTEGER: 10005
[2025-06-03 16:58:53] Procesando línea de Port->ifIndex: .1.3.6.1.2.1.17.1.4.1.2.8 = INTEGER: 10006
[2025-06-03 16:58:53] Procesando línea de Port->ifIndex: .1.3.6.1.2.1.17.1.4.1.2.9 = INTEGER: 10007
[2025-06-03 16:58:53] Procesando línea de Port->ifIndex: .1.3.6.1.2.1.17.1.4.1.2.10 = INTEGER: 10008
[2025-06-03 16:58:53] Procesando línea de Port->ifIndex: .1.3.6.1.2.1.17.1.4.1.2.11 = INTEGER: 10009
[2025-06-03 16:58:53] Procesando línea de Port->ifIndex: .1.3.6.1.2.1.17.1.4.1.2.12 = INTEGER: 10010
[2025-06-03 16:58:53] Procesando línea de Port->ifIndex: .1.3.6.1.2.1.17.1.4.1.2.13 = INTEGER: 10011
[2025-06-03 16:58:53] Procesando línea de Port->ifIndex: .1.3.6.1.2.1.17.1.4.1.2.14 = INTEGER: 10012
[2025-06-03 16:58:53] Procesando línea de Port->ifIndex: .1.3.6.1.2.1.17.1.4.1.2.15 = INTEGER: 10013
[2025-06-03 16:58:53] Procesando línea de Port->ifIndex: .1.3.6.1.2.1.17.1.4.1.2.17 = INTEGER: 10015
[2025-06-03 16:58:53] Procesando línea de Port->ifIndex: .1.3.6.1.2.1.17.1.4.1.2.18 = INTEGER: 10016
[2025-06-03 16:58:53] Procesando línea de Port->ifIndex: .1.3.6.1.2.1.17.1.4.1.2.19 = INTEGER: 10017
[2025-06-03 16:58:53] Procesando línea de Port->ifIndex: .1.3.6.1.2.1.17.1.4.1.2.20 = INTEGER: 10018
[2025-06-03 16:58:53] Procesando línea de Port->ifIndex: .1.3.6.1.2.1.17.1.4.1.2.21 = INTEGER: 10019
[2025-06-03 16:58:53] Procesando línea de Port->ifIndex: .1.3.6.1.2.1.17.1.4.1.2.22 = INTEGER: 10020
[2025-06-03 16:58:53] Procesando línea de Port->ifIndex: .1.3.6.1.2.1.17.1.4.1.2.23 = INTEGER: 10021
[2025-06-03 16:58:53] Procesando línea de Port->ifIndex: .1.3.6.1.2.1.17.1.4.1.2.24 = INTEGER: 10022
[2025-06-03 16:58:53] Procesando línea de Port->ifIndex: .1.3.6.1.2.1.17.1.4.1.2.25 = INTEGER: 10023
[2025-06-03 16:58:53] Salida de snmpwalk para portNum -> ifIndex:
.1.3.6.1.2.1.17.1.4.1.2.1 = INTEGER: 10101
.1.3.6.1.2.1.17.1.4.1.2.2 = INTEGER: 10102
.1.3.6.1.2.1.17.1.4.1.2.3 = INTEGER: 10001
.1.3.6.1.2.1.17.1.4.1.2.4 = INTEGER: 10002
.1.3.6.1.2.1.17.1.4.1.2.5 = INTEGER: 10003
.1.3.6.1.2.1.17.1.4.1.2.6 = INTEGER: 10004
.1.3.6.1.2.1.17.1.4.1.2.7 = INTEGER: 10005
.1.3.6.1.2.1.17.1.4.1.2.8 = INTEGER: 10006
.1.3.6.1.2.1.17.1.4.1.2.9 = INTEGER: 10007
.1.3.6.1.2.1.17.1.4.1.2.10 = INTEGER: 10008
.1.3.6.1.2.1.17.1.4.1.2.11 = INTEGER: 10009
.1.3.6.1.2.1.17.1.4.1.2.12 = INTEGER: 10010
.1.3.6.1.2.1.17.1.4.1.2.13 = INTEGER: 10011
.1.3.6.1.2.1.17.1.4.1.2.14 = INTEGER: 10012
.1.3.6.1.2.1.17.1.4.1.2.15 = INTEGER: 10013
.1.3.6.1.2.1.17.1.4.1.2.17 = INTEGER: 10015
.1.3.6.1.2.1.17.1.4.1.2.18 = INTEGER: 10016
.1.3.6.1.2.1.17.1.4.1.2.19 = INTEGER: 10017
.1.3.6.1.2.1.17.1.4.1.2.20 = INTEGER: 10018
.1.3.6.1.2.1.17.1.4.1.2.21 = INTEGER: 10019
.1.3.6.1.2.1.17.1.4.1.2.22 = INTEGER: 10020
.1.3.6.1.2.1.17.1.4.1.2.23 = INTEGER: 10021
.1.3.6.1.2.1.17.1.4.1.2.24 = INTEGER: 10022
.1.3.6.1.2.1.17.1.4.1.2.25 = INTEGER: 10023

[2025-06-03 16:58:53] No se encontró una MAC asociada al ifIndex 10014 en 203f:a:b:10::2.
[2025-06-03 16:58:53] Intento 1 fallido. No se encontró MAC para ifIndex 10014.
[2025-06-03 16:58:58] Intento 2 de 5 para obtener la MAC en ifIndex 10014 del switch 203f:a:b:10::2.
[2025-06-03 16:58:58] Procesando línea de MAC->Port: .1.3.6.1.2.1.17.4.3.1.2 = No Such Instance currently exists at this OID
[2025-06-03 16:58:58] Error procesando MAC o port_num: invalid literal for int() with base 10: 'No Such Instance currently exists at this OID' | Línea: .1.3.6.1.2.1.17.4.3.1.2 = No Such Instance currently exists at this OID
[2025-06-03 16:58:58] Salida de snmpwalk para MAC -> portNum:
.1.3.6.1.2.1.17.4.3.1.2 = No Such Instance currently exists at this OID

[2025-06-03 16:58:58] Procesando línea de Port->ifIndex: .1.3.6.1.2.1.17.1.4.1.2.1 = INTEGER: 10101
[2025-06-03 16:58:58] Procesando línea de Port->ifIndex: .1.3.6.1.2.1.17.1.4.1.2.2 = INTEGER: 10102
[2025-06-03 16:58:58] Procesando línea de Port->ifIndex: .1.3.6.1.2.1.17.1.4.1.2.3 = INTEGER: 10001
[2025-06-03 16:58:58] Procesando línea de Port->ifIndex: .1.3.6.1.2.1.17.1.4.1.2.4 = INTEGER: 10002
[2025-06-03 16:58:58] Procesando línea de Port->ifIndex: .1.3.6.1.2.1.17.1.4.1.2.5 = INTEGER: 10003
[2025-06-03 16:58:58] Procesando línea de Port->ifIndex: .1.3.6.1.2.1.17.1.4.1.2.6 = INTEGER: 10004
[2025-06-03 16:58:58] Procesando línea de Port->ifIndex: .1.3.6.1.2.1.17.1.4.1.2.7 = INTEGER: 10005
[2025-06-03 16:58:58] Procesando línea de Port->ifIndex: .1.3.6.1.2.1.17.1.4.1.2.8 = INTEGER: 10006
[2025-06-03 16:58:58] Procesando línea de Port->ifIndex: .1.3.6.1.2.1.17.1.4.1.2.9 = INTEGER: 10007
[2025-06-03 16:58:58] Procesando línea de Port->ifIndex: .1.3.6.1.2.1.17.1.4.1.2.10 = INTEGER: 10008
[2025-06-03 16:58:58] Procesando línea de Port->ifIndex: .1.3.6.1.2.1.17.1.4.1.2.11 = INTEGER: 10009
[2025-06-03 16:58:58] Procesando línea de Port->ifIndex: .1.3.6.1.2.1.17.1.4.1.2.12 = INTEGER: 10010
[2025-06-03 16:58:58] Procesando línea de Port->ifIndex: .1.3.6.1.2.1.17.1.4.1.2.13 = INTEGER: 10011
[2025-06-03 16:58:58] Procesando línea de Port->ifIndex: .1.3.6.1.2.1.17.1.4.1.2.14 = INTEGER: 10012
[2025-06-03 16:58:58] Procesando línea de Port->ifIndex: .1.3.6.1.2.1.17.1.4.1.2.15 = INTEGER: 10013
[2025-06-03 16:58:58] Procesando línea de Port->ifIndex: .1.3.6.1.2.1.17.1.4.1.2.17 = INTEGER: 10015
[2025-06-03 16:58:58] Procesando línea de Port->ifIndex: .1.3.6.1.2.1.17.1.4.1.2.18 = INTEGER: 10016
[2025-06-03 16:58:58] Procesando línea de Port->ifIndex: .1.3.6.1.2.1.17.1.4.1.2.19 = INTEGER: 10017
[2025-06-03 16:58:58] Procesando línea de Port->ifIndex: .1.3.6.1.2.1.17.1.4.1.2.20 = INTEGER: 10018
[2025-06-03 16:58:58] Procesando línea de Port->ifIndex: .1.3.6.1.2.1.17.1.4.1.2.21 = INTEGER: 10019
[2025-06-03 16:58:58] Procesando línea de Port->ifIndex: .1.3.6.1.2.1.17.1.4.1.2.22 = INTEGER: 10020
[2025-06-03 16:58:58] Procesando línea de Port->ifIndex: .1.3.6.1.2.1.17.1.4.1.2.23 = INTEGER: 10021
[2025-06-03 16:58:58] Procesando línea de Port->ifIndex: .1.3.6.1.2.1.17.1.4.1.2.24 = INTEGER: 10022
[2025-06-03 16:58:58] Procesando línea de Port->ifIndex: .1.3.6.1.2.1.17.1.4.1.2.25 = INTEGER: 10023
[2025-06-03 16:58:58] Salida de snmpwalk para portNum -> ifIndex:
.1.3.6.1.2.1.17.1.4.1.2.1 = INTEGER: 10101
.1.3.6.1.2.1.17.1.4.1.2.2 = INTEGER: 10102
.1.3.6.1.2.1.17.1.4.1.2.3 = INTEGER: 10001
.1.3.6.1.2.1.17.1.4.1.2.4 = INTEGER: 10002
.1.3.6.1.2.1.17.1.4.1.2.5 = INTEGER: 10003
.1.3.6.1.2.1.17.1.4.1.2.6 = INTEGER: 10004
.1.3.6.1.2.1.17.1.4.1.2.7 = INTEGER: 10005
.1.3.6.1.2.1.17.1.4.1.2.8 = INTEGER: 10006
.1.3.6.1.2.1.17.1.4.1.2.9 = INTEGER: 10007
.1.3.6.1.2.1.17.1.4.1.2.10 = INTEGER: 10008
.1.3.6.1.2.1.17.1.4.1.2.11 = INTEGER: 10009
.1.3.6.1.2.1.17.1.4.1.2.12 = INTEGER: 10010
.1.3.6.1.2.1.17.1.4.1.2.13 = INTEGER: 10011
.1.3.6.1.2.1.17.1.4.1.2.14 = INTEGER: 10012
.1.3.6.1.2.1.17.1.4.1.2.15 = INTEGER: 10013
.1.3.6.1.2.1.17.1.4.1.2.17 = INTEGER: 10015
.1.3.6.1.2.1.17.1.4.1.2.18 = INTEGER: 10016
.1.3.6.1.2.1.17.1.4.1.2.19 = INTEGER: 10017
.1.3.6.1.2.1.17.1.4.1.2.20 = INTEGER: 10018
.1.3.6.1.2.1.17.1.4.1.2.21 = INTEGER: 10019
.1.3.6.1.2.1.17.1.4.1.2.22 = INTEGER: 10020
.1.3.6.1.2.1.17.1.4.1.2.23 = INTEGER: 10021
.1.3.6.1.2.1.17.1.4.1.2.24 = INTEGER: 10022
.1.3.6.1.2.1.17.1.4.1.2.25 = INTEGER: 10023

[2025-06-03 16:58:58] No se encontró una MAC asociada al ifIndex 10014 en 203f:a:b:10::2.
[2025-06-03 16:58:58] Intento 2 fallido. No se encontró MAC para ifIndex 10014.
[2025-06-03 16:59:03] Intento 3 de 5 para obtener la MAC en ifIndex 10014 del switch 203f:a:b:10::2.
[2025-06-03 16:59:03] Procesando línea de MAC->Port: .1.3.6.1.2.1.17.4.3.1.2 = No Such Instance currently exists at this OID
[2025-06-03 16:59:03] Error procesando MAC o port_num: invalid literal for int() with base 10: 'No Such Instance currently exists at this OID' | Línea: .1.3.6.1.2.1.17.4.3.1.2 = No Such Instance currently exists at this OID
[2025-06-03 16:59:03] Salida de snmpwalk para MAC -> portNum:
.1.3.6.1.2.1.17.4.3.1.2 = No Such Instance currently exists at this OID

[2025-06-03 16:59:03] Procesando línea de Port->ifIndex: .1.3.6.1.2.1.17.1.4.1.2.1 = INTEGER: 10101
[2025-06-03 16:59:03] Procesando línea de Port->ifIndex: .1.3.6.1.2.1.17.1.4.1.2.2 = INTEGER: 10102
[2025-06-03 16:59:03] Procesando línea de Port->ifIndex: .1.3.6.1.2.1.17.1.4.1.2.3 = INTEGER: 10001
[2025-06-03 16:59:03] Procesando línea de Port->ifIndex: .1.3.6.1.2.1.17.1.4.1.2.4 = INTEGER: 10002
[2025-06-03 16:59:03] Procesando línea de Port->ifIndex: .1.3.6.1.2.1.17.1.4.1.2.5 = INTEGER: 10003
[2025-06-03 16:59:03] Procesando línea de Port->ifIndex: .1.3.6.1.2.1.17.1.4.1.2.6 = INTEGER: 10004
[2025-06-03 16:59:03] Procesando línea de Port->ifIndex: .1.3.6.1.2.1.17.1.4.1.2.7 = INTEGER: 10005
[2025-06-03 16:59:03] Procesando línea de Port->ifIndex: .1.3.6.1.2.1.17.1.4.1.2.8 = INTEGER: 10006
[2025-06-03 16:59:03] Procesando línea de Port->ifIndex: .1.3.6.1.2.1.17.1.4.1.2.9 = INTEGER: 10007
[2025-06-03 16:59:03] Procesando línea de Port->ifIndex: .1.3.6.1.2.1.17.1.4.1.2.10 = INTEGER: 10008
[2025-06-03 16:59:03] Procesando línea de Port->ifIndex: .1.3.6.1.2.1.17.1.4.1.2.11 = INTEGER: 10009
[2025-06-03 16:59:03] Procesando línea de Port->ifIndex: .1.3.6.1.2.1.17.1.4.1.2.12 = INTEGER: 10010
[2025-06-03 16:59:03] Procesando línea de Port->ifIndex: .1.3.6.1.2.1.17.1.4.1.2.13 = INTEGER: 10011
[2025-06-03 16:59:03] Procesando línea de Port->ifIndex: .1.3.6.1.2.1.17.1.4.1.2.14 = INTEGER: 10012
[2025-06-03 16:59:03] Procesando línea de Port->ifIndex: .1.3.6.1.2.1.17.1.4.1.2.15 = INTEGER: 10013
[2025-06-03 16:59:03] Procesando línea de Port->ifIndex: .1.3.6.1.2.1.17.1.4.1.2.17 = INTEGER: 10015
[2025-06-03 16:59:03] Procesando línea de Port->ifIndex: .1.3.6.1.2.1.17.1.4.1.2.18 = INTEGER: 10016
[2025-06-03 16:59:03] Procesando línea de Port->ifIndex: .1.3.6.1.2.1.17.1.4.1.2.19 = INTEGER: 10017
[2025-06-03 16:59:03] Procesando línea de Port->ifIndex: .1.3.6.1.2.1.17.1.4.1.2.20 = INTEGER: 10018
[2025-06-03 16:59:03] Procesando línea de Port->ifIndex: .1.3.6.1.2.1.17.1.4.1.2.21 = INTEGER: 10019
[2025-06-03 16:59:03] Procesando línea de Port->ifIndex: .1.3.6.1.2.1.17.1.4.1.2.22 = INTEGER: 10020
[2025-06-03 16:59:03] Procesando línea de Port->ifIndex: .1.3.6.1.2.1.17.1.4.1.2.23 = INTEGER: 10021
[2025-06-03 16:59:03] Procesando línea de Port->ifIndex: .1.3.6.1.2.1.17.1.4.1.2.24 = INTEGER: 10022
[2025-06-03 16:59:03] Procesando línea de Port->ifIndex: .1.3.6.1.2.1.17.1.4.1.2.25 = INTEGER: 10023
[2025-06-03 16:59:03] Salida de snmpwalk para portNum -> ifIndex:
.1.3.6.1.2.1.17.1.4.1.2.1 = INTEGER: 10101
.1.3.6.1.2.1.17.1.4.1.2.2 = INTEGER: 10102
.1.3.6.1.2.1.17.1.4.1.2.3 = INTEGER: 10001
.1.3.6.1.2.1.17.1.4.1.2.4 = INTEGER: 10002
.1.3.6.1.2.1.17.1.4.1.2.5 = INTEGER: 10003
.1.3.6.1.2.1.17.1.4.1.2.6 = INTEGER: 10004
.1.3.6.1.2.1.17.1.4.1.2.7 = INTEGER: 10005
.1.3.6.1.2.1.17.1.4.1.2.8 = INTEGER: 10006
.1.3.6.1.2.1.17.1.4.1.2.9 = INTEGER: 10007
.1.3.6.1.2.1.17.1.4.1.2.10 = INTEGER: 10008
.1.3.6.1.2.1.17.1.4.1.2.11 = INTEGER: 10009
.1.3.6.1.2.1.17.1.4.1.2.12 = INTEGER: 10010
.1.3.6.1.2.1.17.1.4.1.2.13 = INTEGER: 10011
.1.3.6.1.2.1.17.1.4.1.2.14 = INTEGER: 10012
.1.3.6.1.2.1.17.1.4.1.2.15 = INTEGER: 10013
.1.3.6.1.2.1.17.1.4.1.2.17 = INTEGER: 10015
.1.3.6.1.2.1.17.1.4.1.2.18 = INTEGER: 10016
.1.3.6.1.2.1.17.1.4.1.2.19 = INTEGER: 10017
.1.3.6.1.2.1.17.1.4.1.2.20 = INTEGER: 10018
.1.3.6.1.2.1.17.1.4.1.2.21 = INTEGER: 10019
.1.3.6.1.2.1.17.1.4.1.2.22 = INTEGER: 10020
.1.3.6.1.2.1.17.1.4.1.2.23 = INTEGER: 10021
.1.3.6.1.2.1.17.1.4.1.2.24 = INTEGER: 10022
.1.3.6.1.2.1.17.1.4.1.2.25 = INTEGER: 10023

[2025-06-03 16:59:03] No se encontró una MAC asociada al ifIndex 10014 en 203f:a:b:10::2.
[2025-06-03 16:59:03] Intento 3 fallido. No se encontró MAC para ifIndex 10014.
[2025-06-03 16:59:08] Intento 4 de 5 para obtener la MAC en ifIndex 10014 del switch 203f:a:b:10::2.
[2025-06-03 16:59:08] Procesando línea de MAC->Port: .1.3.6.1.2.1.17.4.3.1.2 = No Such Instance currently exists at this OID
[2025-06-03 16:59:08] Error procesando MAC o port_num: invalid literal for int() with base 10: 'No Such Instance currently exists at this OID' | Línea: .1.3.6.1.2.1.17.4.3.1.2 = No Such Instance currently exists at this OID
[2025-06-03 16:59:08] Salida de snmpwalk para MAC -> portNum:
.1.3.6.1.2.1.17.4.3.1.2 = No Such Instance currently exists at this OID

[2025-06-03 16:59:08] Procesando línea de Port->ifIndex: .1.3.6.1.2.1.17.1.4.1.2.1 = INTEGER: 10101
[2025-06-03 16:59:08] Procesando línea de Port->ifIndex: .1.3.6.1.2.1.17.1.4.1.2.2 = INTEGER: 10102
[2025-06-03 16:59:08] Procesando línea de Port->ifIndex: .1.3.6.1.2.1.17.1.4.1.2.3 = INTEGER: 10001
[2025-06-03 16:59:08] Procesando línea de Port->ifIndex: .1.3.6.1.2.1.17.1.4.1.2.4 = INTEGER: 10002
[2025-06-03 16:59:08] Procesando línea de Port->ifIndex: .1.3.6.1.2.1.17.1.4.1.2.5 = INTEGER: 10003
[2025-06-03 16:59:08] Procesando línea de Port->ifIndex: .1.3.6.1.2.1.17.1.4.1.2.6 = INTEGER: 10004
[2025-06-03 16:59:08] Procesando línea de Port->ifIndex: .1.3.6.1.2.1.17.1.4.1.2.7 = INTEGER: 10005
[2025-06-03 16:59:08] Procesando línea de Port->ifIndex: .1.3.6.1.2.1.17.1.4.1.2.8 = INTEGER: 10006
[2025-06-03 16:59:08] Procesando línea de Port->ifIndex: .1.3.6.1.2.1.17.1.4.1.2.9 = INTEGER: 10007
[2025-06-03 16:59:08] Procesando línea de Port->ifIndex: .1.3.6.1.2.1.17.1.4.1.2.10 = INTEGER: 10008
[2025-06-03 16:59:08] Procesando línea de Port->ifIndex: .1.3.6.1.2.1.17.1.4.1.2.11 = INTEGER: 10009
[2025-06-03 16:59:08] Procesando línea de Port->ifIndex: .1.3.6.1.2.1.17.1.4.1.2.12 = INTEGER: 10010
[2025-06-03 16:59:08] Procesando línea de Port->ifIndex: .1.3.6.1.2.1.17.1.4.1.2.13 = INTEGER: 10011
[2025-06-03 16:59:08] Procesando línea de Port->ifIndex: .1.3.6.1.2.1.17.1.4.1.2.14 = INTEGER: 10012
[2025-06-03 16:59:08] Procesando línea de Port->ifIndex: .1.3.6.1.2.1.17.1.4.1.2.15 = INTEGER: 10013
[2025-06-03 16:59:08] Procesando línea de Port->ifIndex: .1.3.6.1.2.1.17.1.4.1.2.17 = INTEGER: 10015
[2025-06-03 16:59:08] Procesando línea de Port->ifIndex: .1.3.6.1.2.1.17.1.4.1.2.18 = INTEGER: 10016
[2025-06-03 16:59:08] Procesando línea de Port->ifIndex: .1.3.6.1.2.1.17.1.4.1.2.19 = INTEGER: 10017
[2025-06-03 16:59:08] Procesando línea de Port->ifIndex: .1.3.6.1.2.1.17.1.4.1.2.20 = INTEGER: 10018
[2025-06-03 16:59:08] Procesando línea de Port->ifIndex: .1.3.6.1.2.1.17.1.4.1.2.21 = INTEGER: 10019
[2025-06-03 16:59:08] Procesando línea de Port->ifIndex: .1.3.6.1.2.1.17.1.4.1.2.22 = INTEGER: 10020
[2025-06-03 16:59:08] Procesando línea de Port->ifIndex: .1.3.6.1.2.1.17.1.4.1.2.23 = INTEGER: 10021
[2025-06-03 16:59:08] Procesando línea de Port->ifIndex: .1.3.6.1.2.1.17.1.4.1.2.24 = INTEGER: 10022
[2025-06-03 16:59:08] Procesando línea de Port->ifIndex: .1.3.6.1.2.1.17.1.4.1.2.25 = INTEGER: 10023
[2025-06-03 16:59:08] Salida de snmpwalk para portNum -> ifIndex:
.1.3.6.1.2.1.17.1.4.1.2.1 = INTEGER: 10101
.1.3.6.1.2.1.17.1.4.1.2.2 = INTEGER: 10102
.1.3.6.1.2.1.17.1.4.1.2.3 = INTEGER: 10001
.1.3.6.1.2.1.17.1.4.1.2.4 = INTEGER: 10002
.1.3.6.1.2.1.17.1.4.1.2.5 = INTEGER: 10003
.1.3.6.1.2.1.17.1.4.1.2.6 = INTEGER: 10004
.1.3.6.1.2.1.17.1.4.1.2.7 = INTEGER: 10005
.1.3.6.1.2.1.17.1.4.1.2.8 = INTEGER: 10006
.1.3.6.1.2.1.17.1.4.1.2.9 = INTEGER: 10007
.1.3.6.1.2.1.17.1.4.1.2.10 = INTEGER: 10008
.1.3.6.1.2.1.17.1.4.1.2.11 = INTEGER: 10009
.1.3.6.1.2.1.17.1.4.1.2.12 = INTEGER: 10010
.1.3.6.1.2.1.17.1.4.1.2.13 = INTEGER: 10011
.1.3.6.1.2.1.17.1.4.1.2.14 = INTEGER: 10012
.1.3.6.1.2.1.17.1.4.1.2.15 = INTEGER: 10013
.1.3.6.1.2.1.17.1.4.1.2.17 = INTEGER: 10015
.1.3.6.1.2.1.17.1.4.1.2.18 = INTEGER: 10016
.1.3.6.1.2.1.17.1.4.1.2.19 = INTEGER: 10017
.1.3.6.1.2.1.17.1.4.1.2.20 = INTEGER: 10018
.1.3.6.1.2.1.17.1.4.1.2.21 = INTEGER: 10019
.1.3.6.1.2.1.17.1.4.1.2.22 = INTEGER: 10020
.1.3.6.1.2.1.17.1.4.1.2.23 = INTEGER: 10021
.1.3.6.1.2.1.17.1.4.1.2.24 = INTEGER: 10022
.1.3.6.1.2.1.17.1.4.1.2.25 = INTEGER: 10023

[2025-06-03 16:59:08] No se encontró una MAC asociada al ifIndex 10014 en 203f:a:b:10::2.
[2025-06-03 16:59:08] Intento 4 fallido. No se encontró MAC para ifIndex 10014.
[2025-06-03 16:59:13] Intento 5 de 5 para obtener la MAC en ifIndex 10014 del switch 203f:a:b:10::2.
[2025-06-03 16:59:13] Procesando línea de MAC->Port: .1.3.6.1.2.1.17.4.3.1.2 = No Such Instance currently exists at this OID
[2025-06-03 16:59:13] Error procesando MAC o port_num: invalid literal for int() with base 10: 'No Such Instance currently exists at this OID' | Línea: .1.3.6.1.2.1.17.4.3.1.2 = No Such Instance currently exists at this OID
[2025-06-03 16:59:13] Salida de snmpwalk para MAC -> portNum:
.1.3.6.1.2.1.17.4.3.1.2 = No Such Instance currently exists at this OID

[2025-06-03 16:59:13] Procesando línea de Port->ifIndex: .1.3.6.1.2.1.17.1.4.1.2.1 = INTEGER: 10101
[2025-06-03 16:59:13] Procesando línea de Port->ifIndex: .1.3.6.1.2.1.17.1.4.1.2.2 = INTEGER: 10102
[2025-06-03 16:59:13] Procesando línea de Port->ifIndex: .1.3.6.1.2.1.17.1.4.1.2.3 = INTEGER: 10001
[2025-06-03 16:59:13] Procesando línea de Port->ifIndex: .1.3.6.1.2.1.17.1.4.1.2.4 = INTEGER: 10002
[2025-06-03 16:59:13] Procesando línea de Port->ifIndex: .1.3.6.1.2.1.17.1.4.1.2.5 = INTEGER: 10003
[2025-06-03 16:59:13] Procesando línea de Port->ifIndex: .1.3.6.1.2.1.17.1.4.1.2.6 = INTEGER: 10004
[2025-06-03 16:59:13] Procesando línea de Port->ifIndex: .1.3.6.1.2.1.17.1.4.1.2.7 = INTEGER: 10005
[2025-06-03 16:59:13] Procesando línea de Port->ifIndex: .1.3.6.1.2.1.17.1.4.1.2.8 = INTEGER: 10006
[2025-06-03 16:59:13] Procesando línea de Port->ifIndex: .1.3.6.1.2.1.17.1.4.1.2.9 = INTEGER: 10007
[2025-06-03 16:59:13] Procesando línea de Port->ifIndex: .1.3.6.1.2.1.17.1.4.1.2.10 = INTEGER: 10008
[2025-06-03 16:59:13] Procesando línea de Port->ifIndex: .1.3.6.1.2.1.17.1.4.1.2.11 = INTEGER: 10009
[2025-06-03 16:59:13] Procesando línea de Port->ifIndex: .1.3.6.1.2.1.17.1.4.1.2.12 = INTEGER: 10010
[2025-06-03 16:59:13] Procesando línea de Port->ifIndex: .1.3.6.1.2.1.17.1.4.1.2.13 = INTEGER: 10011
[2025-06-03 16:59:13] Procesando línea de Port->ifIndex: .1.3.6.1.2.1.17.1.4.1.2.14 = INTEGER: 10012
[2025-06-03 16:59:13] Procesando línea de Port->ifIndex: .1.3.6.1.2.1.17.1.4.1.2.15 = INTEGER: 10013
[2025-06-03 16:59:13] Procesando línea de Port->ifIndex: .1.3.6.1.2.1.17.1.4.1.2.17 = INTEGER: 10015
[2025-06-03 16:59:13] Procesando línea de Port->ifIndex: .1.3.6.1.2.1.17.1.4.1.2.18 = INTEGER: 10016
[2025-06-03 16:59:13] Procesando línea de Port->ifIndex: .1.3.6.1.2.1.17.1.4.1.2.19 = INTEGER: 10017
[2025-06-03 16:59:13] Procesando línea de Port->ifIndex: .1.3.6.1.2.1.17.1.4.1.2.20 = INTEGER: 10018
[2025-06-03 16:59:13] Procesando línea de Port->ifIndex: .1.3.6.1.2.1.17.1.4.1.2.21 = INTEGER: 10019
[2025-06-03 16:59:13] Procesando línea de Port->ifIndex: .1.3.6.1.2.1.17.1.4.1.2.22 = INTEGER: 10020
[2025-06-03 16:59:13] Procesando línea de Port->ifIndex: .1.3.6.1.2.1.17.1.4.1.2.23 = INTEGER: 10021
[2025-06-03 16:59:13] Procesando línea de Port->ifIndex: .1.3.6.1.2.1.17.1.4.1.2.24 = INTEGER: 10022
[2025-06-03 16:59:13] Procesando línea de Port->ifIndex: .1.3.6.1.2.1.17.1.4.1.2.25 = INTEGER: 10023
[2025-06-03 16:59:13] Salida de snmpwalk para portNum -> ifIndex:
.1.3.6.1.2.1.17.1.4.1.2.1 = INTEGER: 10101
.1.3.6.1.2.1.17.1.4.1.2.2 = INTEGER: 10102
.1.3.6.1.2.1.17.1.4.1.2.3 = INTEGER: 10001
.1.3.6.1.2.1.17.1.4.1.2.4 = INTEGER: 10002
.1.3.6.1.2.1.17.1.4.1.2.5 = INTEGER: 10003
.1.3.6.1.2.1.17.1.4.1.2.6 = INTEGER: 10004
.1.3.6.1.2.1.17.1.4.1.2.7 = INTEGER: 10005
.1.3.6.1.2.1.17.1.4.1.2.8 = INTEGER: 10006
.1.3.6.1.2.1.17.1.4.1.2.9 = INTEGER: 10007
.1.3.6.1.2.1.17.1.4.1.2.10 = INTEGER: 10008
.1.3.6.1.2.1.17.1.4.1.2.11 = INTEGER: 10009
.1.3.6.1.2.1.17.1.4.1.2.12 = INTEGER: 10010
.1.3.6.1.2.1.17.1.4.1.2.13 = INTEGER: 10011
.1.3.6.1.2.1.17.1.4.1.2.14 = INTEGER: 10012
.1.3.6.1.2.1.17.1.4.1.2.15 = INTEGER: 10013
.1.3.6.1.2.1.17.1.4.1.2.17 = INTEGER: 10015
.1.3.6.1.2.1.17.1.4.1.2.18 = INTEGER: 10016
.1.3.6.1.2.1.17.1.4.1.2.19 = INTEGER: 10017
.1.3.6.1.2.1.17.1.4.1.2.20 = INTEGER: 10018
.1.3.6.1.2.1.17.1.4.1.2.21 = INTEGER: 10019
.1.3.6.1.2.1.17.1.4.1.2.22 = INTEGER: 10020
.1.3.6.1.2.1.17.1.4.1.2.23 = INTEGER: 10021
.1.3.6.1.2.1.17.1.4.1.2.24 = INTEGER: 10022
.1.3.6.1.2.1.17.1.4.1.2.25 = INTEGER: 10023

[2025-06-03 16:59:13] No se encontró una MAC asociada al ifIndex 10014 en 203f:a:b:10::2.
[2025-06-03 16:59:13] Intento 5 fallido. No se encontró MAC para ifIndex 10014.
[2025-06-03 16:59:18] No se pudo obtener la MAC tras 5 intentos para ifIndex 10014 en 203f:a:b:10::2.
