[2025-06-03 16:50:53] No se pudo obtener la dirección MAC mediante SNMP polling con reintentos.
[2025-06-03 16:50:53] Evento: TRAP DESCONOCIDO
Dispositivo: SWITCH IP origen: 203f:a:b:10::2
Puerto detectado: desconocido (Index desconocido)
MAC detectada: desconocida
<UNKNOWN>
UDP/IPv6: [203f:a:b:10::2]:55023
DISMAN-EVENT-MIB::sysUpTimeInstance 0:1:47:01.77
SNMPv2-MIB::snmpTrapOID.0 SNMPv2-SMI::enterprises.9.9.41.2.0.1
SNMPv2-SMI::enterprises.9.9.41.1.2.3.1.2.40 "LINK"
SNMPv2-SMI::enterprises.9.9.41.1.2.3.1.3.40 4
SNMPv2-SMI::enterprises.9.9.41.1.2.3.1.4.40 "UPDOWN"
SNMPv2-SMI::enterprises.9.9.41.1.2.3.1.5.40 "Interface FastEthernet0/14, changed state to up"
SNMPv2-SMI::enterprises.9.9.41.1.2.3.1.6.40 0:1:47:01.77

------------------------------------------------------------

[2025-06-03 16:50:53] Trap recibido sin acción automática definida.
[2025-06-03 16:50:54] Intentando obtener la dirección MAC mediante SNMP polling con reintentos para ifIndex 10014...
[2025-06-03 16:51:09] Evento: ENLACE UP
Dispositivo: SWITCH IP origen: 203f:a:b:10::2
Puerto detectado: FastEthernet0/14 (Index 10014)
MAC detectada: 30:13:8B:F1:00:BE
<UNKNOWN>
UDP/IPv6: [203f:a:b:10::2]:55023
DISMAN-EVENT-MIB::sysUpTimeInstance 0:1:47:02.77
SNMPv2-MIB::snmpTrapOID.0 IF-MIB::linkUp
IF-MIB::ifIndex.10014 10014
IF-MIB::ifDescr.10014 FastEthernet0/14
IF-MIB::ifType.10014 ethernetCsmacd
SNMPv2-SMI::enterprises.9.2.2.1.1.20.10014 "up"

------------------------------------------------------------

[2025-06-03 16:51:09] Creando o actualizando VLAN 20 para MAC 30:13:8B:F1:00:BE
[2025-06-03 16:51:15] Playbook ejecutado para MAC 30:13:8B:F1:00:BE en puerto FastEthernet0/14 con VLAN 20. Salida:

PLAY [Configurar VLAN basada en vlan_id] ***************************************

TASK [Verificar que vlans_switch está definido] ********************************
skipping: [switch1]

TASK [Obtener la VLAN correspondiente al vlan_id] ******************************
ok: [switch1]

TASK [Crear VLAN en el switch] *************************************************
included: switch_vlan_dhcp for switch1

TASK [switch_vlan_dhcp : Crear VLAN en el switch] ******************************
changed: [switch1]

TASK [switch_vlan_dhcp : Configurar interfaz VLAN enrutada (SVI)] **************
changed: [switch1]

PLAY RECAP *********************************************************************
switch1                    : ok=4    changed=2    unreachable=0    failed=0    skipped=1    rescued=0    ignored=0   


Errores:
[WARNING]: ansible-pylibssh not installed, falling back to paramiko
[WARNING]: To ensure idempotency and correct diff the input configuration lines
should be similar to how they appear if present in the running configuration on
device

[2025-06-03 16:51:15] Configurando VLAN 20 en puerto FastEthernet0/14 para MAC 30:13:8B:F1:00:BE...
[2025-06-03 16:51:19] Playbook ejecutado para MAC 30:13:8B:F1:00:BE en puerto FastEthernet0/14 con VLAN 20. Salida:

PLAY [Asignar VLAN y port-security por MAC] ************************************

TASK [Configurar VLAN en el puerto] ********************************************
changed: [switch1]

PLAY RECAP *********************************************************************
switch1                    : ok=1    changed=1    unreachable=0    failed=0    skipped=0    rescued=0    ignored=0   


Errores:
[WARNING]: ansible-pylibssh not installed, falling back to paramiko
[WARNING]: To ensure idempotency and correct diff the input configuration lines
should be similar to how they appear if present in the running configuration on
device

[2025-06-03 16:51:19] No se pudo obtener la dirección MAC mediante SNMP polling con reintentos.
[2025-06-03 16:51:19] Evento: TRAP DESCONOCIDO
Dispositivo: SWITCH IP origen: 203f:a:b:10::2
Puerto detectado: desconocido (Index desconocido)
MAC detectada: desconocida
<UNKNOWN>
UDP/IPv6: [203f:a:b:10::2]:55023
DISMAN-EVENT-MIB::sysUpTimeInstance 0:1:47:21.32
SNMPv2-MIB::snmpTrapOID.0 SNMPv2-SMI::enterprises.9.9.43.2.0.1
SNMPv2-SMI::enterprises.9.9.43.1.1.6.1.3.136 1
SNMPv2-SMI::enterprises.9.9.43.1.1.6.1.4.136 3
SNMPv2-SMI::enterprises.9.9.43.1.1.6.1.5.136 2

------------------------------------------------------------

[2025-06-03 16:51:19] Trap recibido sin acción automática definida.
[2025-06-03 16:51:19] No se pudo obtener la dirección MAC mediante SNMP polling con reintentos.
[2025-06-03 16:51:19] Evento: TRAP DESCONOCIDO
Dispositivo: SWITCH IP origen: 203f:a:b:10::2
Puerto detectado: desconocido (Index desconocido)
MAC detectada: desconocida
<UNKNOWN>
UDP/IPv6: [203f:a:b:10::2]:55023
DISMAN-EVENT-MIB::sysUpTimeInstance 0:1:47:21.47
SNMPv2-MIB::snmpTrapOID.0 SNMPv2-SMI::enterprises.9.9.43.2.0.1
SNMPv2-SMI::enterprises.9.9.43.1.1.6.1.3.137 1
SNMPv2-SMI::enterprises.9.9.43.1.1.6.1.4.137 2
SNMPv2-SMI::enterprises.9.9.43.1.1.6.1.5.137 3

------------------------------------------------------------

[2025-06-03 16:51:19] Trap recibido sin acción automática definida.
[2025-06-03 16:51:19] No se pudo obtener la dirección MAC mediante SNMP polling con reintentos.
[2025-06-03 16:51:19] Evento: TRAP DESCONOCIDO
Dispositivo: SWITCH IP origen: 203f:a:b:10::2
Puerto detectado: desconocido (Index desconocido)
MAC detectada: desconocida
<UNKNOWN>
UDP/IPv6: [203f:a:b:10::2]:55023
DISMAN-EVENT-MIB::sysUpTimeInstance 0:1:47:23.38
SNMPv2-MIB::snmpTrapOID.0 SNMPv2-SMI::enterprises.9.9.43.2.0.1
SNMPv2-SMI::enterprises.9.9.43.1.1.6.1.3.138 1
SNMPv2-SMI::enterprises.9.9.43.1.1.6.1.4.138 3
SNMPv2-SMI::enterprises.9.9.43.1.1.6.1.5.138 2

------------------------------------------------------------

[2025-06-03 16:51:19] Trap recibido sin acción automática definida.
[2025-06-03 16:51:19] No se pudo obtener la dirección MAC mediante SNMP polling con reintentos.
[2025-06-03 16:51:19] Evento: TRAP DESCONOCIDO
Dispositivo: SWITCH IP origen: 203f:a:b:10::2
Puerto detectado: desconocido (Index desconocido)
MAC detectada: desconocida
<UNKNOWN>
UDP/IPv6: [203f:a:b:10::2]:55023
DISMAN-EVENT-MIB::sysUpTimeInstance 0:1:47:23.54
SNMPv2-MIB::snmpTrapOID.0 SNMPv2-SMI::enterprises.9.9.43.2.0.1
SNMPv2-SMI::enterprises.9.9.43.1.1.6.1.3.139 1
SNMPv2-SMI::enterprises.9.9.43.1.1.6.1.4.139 2
SNMPv2-SMI::enterprises.9.9.43.1.1.6.1.5.139 3

------------------------------------------------------------

[2025-06-03 16:51:19] Trap recibido sin acción automática definida.
[2025-06-03 16:51:19] No se pudo obtener la dirección MAC mediante SNMP polling con reintentos.
[2025-06-03 16:51:19] Evento: TRAP DESCONOCIDO
Dispositivo: SWITCH IP origen: 203f:a:b:10::2
Puerto detectado: desconocido (Index desconocido)
MAC detectada: desconocida
<UNKNOWN>
UDP/IPv6: [203f:a:b:10::2]:55023
DISMAN-EVENT-MIB::sysUpTimeInstance 0:1:47:27.14
SNMPv2-MIB::snmpTrapOID.0 SNMPv2-SMI::enterprises.9.9.43.2.0.1
SNMPv2-SMI::enterprises.9.9.43.1.1.6.1.3.140 1
SNMPv2-SMI::enterprises.9.9.43.1.1.6.1.4.140 3
SNMPv2-SMI::enterprises.9.9.43.1.1.6.1.5.140 2

------------------------------------------------------------

[2025-06-03 16:51:19] Trap recibido sin acción automática definida.
[2025-06-03 16:51:19] No se pudo obtener la dirección MAC mediante SNMP polling con reintentos.
[2025-06-03 16:51:19] Evento: TRAP DESCONOCIDO
Dispositivo: SWITCH IP origen: 203f:a:b:10::2
Puerto detectado: desconocido (Index desconocido)
MAC detectada: desconocida
<UNKNOWN>
UDP/IPv6: [203f:a:b:10::2]:55023
DISMAN-EVENT-MIB::sysUpTimeInstance 0:1:47:27.29
SNMPv2-MIB::snmpTrapOID.0 SNMPv2-SMI::enterprises.9.9.43.2.0.1
SNMPv2-SMI::enterprises.9.9.43.1.1.6.1.3.141 1
SNMPv2-SMI::enterprises.9.9.43.1.1.6.1.4.141 2
SNMPv2-SMI::enterprises.9.9.43.1.1.6.1.5.141 3

------------------------------------------------------------

[2025-06-03 16:51:19] Trap recibido sin acción automática definida.
[2025-06-03 16:51:49] No se pudo obtener la dirección MAC mediante SNMP polling con reintentos.
[2025-06-03 16:51:49] Evento: TRAP DESCONOCIDO
Dispositivo: SWITCH IP origen: 203f:a:b:10::2
Puerto detectado: desconocido (Index desconocido)
MAC detectada: desconocida
<UNKNOWN>
UDP/IPv6: [203f:a:b:10::2]:55023
DISMAN-EVENT-MIB::sysUpTimeInstance 0:1:47:57.74
SNMPv2-MIB::snmpTrapOID.0 SNMPv2-SMI::mib-2.17.0.2
SNMPv2-SMI::enterprises.9.9.46.1.3.1.1.1.1.20 20
IF-MIB::ifName.10014 Fa0/14

------------------------------------------------------------

[2025-06-03 16:51:49] Trap recibido sin acción automática definida.
[2025-06-03 16:51:49] Intentando obtener la dirección MAC mediante SNMP polling con reintentos para ifIndex 20...
[2025-06-03 16:52:14] No se pudo obtener la dirección MAC mediante SNMP polling con reintentos.
[2025-06-03 16:52:14] Evento: ENLACE UP
Dispositivo: SWITCH IP origen: 203f:a:b:10::2
Puerto detectado: desconocido (Index 20)
MAC detectada: desconocida
<UNKNOWN>
UDP/IPv6: [203f:a:b:10::2]:55023
DISMAN-EVENT-MIB::sysUpTimeInstance 0:1:47:57.75
SNMPv2-MIB::snmpTrapOID.0 IF-MIB::linkUp
IF-MIB::ifIndex.20 20
IF-MIB::ifDescr.20 Vlan20
IF-MIB::ifType.20 propVirtual
SNMPv2-SMI::enterprises.9.2.2.1.1.20.20 "up"

------------------------------------------------------------

[2025-06-03 16:52:14] Trap recibido sin acción automática definida.
[2025-06-03 16:52:19] No se pudo obtener la dirección MAC mediante SNMP polling con reintentos.
[2025-06-03 16:52:19] Evento: TRAP DESCONOCIDO
Dispositivo: SWITCH IP origen: 203f:a:b:10::2
Puerto detectado: desconocido (Index desconocido)
MAC detectada: desconocida
<UNKNOWN>
UDP/IPv6: [203f:a:b:10::2]:55023
DISMAN-EVENT-MIB::sysUpTimeInstance 0:1:48:28.58
SNMPv2-MIB::snmpTrapOID.0 SNMPv2-SMI::enterprises.9.9.43.2.0.1
SNMPv2-SMI::enterprises.9.9.43.1.1.6.1.3.142 1
SNMPv2-SMI::enterprises.9.9.43.1.1.6.1.4.142 3
SNMPv2-SMI::enterprises.9.9.43.1.1.6.1.5.142 2

------------------------------------------------------------

[2025-06-03 16:52:19] Trap recibido sin acción automática definida.
[2025-06-03 16:53:16] No se pudo obtener la dirección MAC mediante SNMP polling con reintentos.
[2025-06-03 16:53:16] Evento: TRAP DESCONOCIDO
Dispositivo: SWITCH IP origen: 203f:a:b:10::2
Puerto detectado: desconocido (Index desconocido)
MAC detectada: desconocida
<UNKNOWN>
UDP/IPv6: [203f:a:b:10::2]:55023
DISMAN-EVENT-MIB::sysUpTimeInstance 0:1:49:24.87
SNMPv2-MIB::snmpTrapOID.0 SNMPv2-SMI::enterprises.9.9.41.2.0.1
SNMPv2-SMI::enterprises.9.9.41.1.2.3.1.2.41 "LINK"
SNMPv2-SMI::enterprises.9.9.41.1.2.3.1.3.41 4
SNMPv2-SMI::enterprises.9.9.41.1.2.3.1.4.41 "UPDOWN"
SNMPv2-SMI::enterprises.9.9.41.1.2.3.1.5.41 "Interface FastEthernet0/1, changed state to up"
SNMPv2-SMI::enterprises.9.9.41.1.2.3.1.6.41 0:1:49:24.87

------------------------------------------------------------

[2025-06-03 16:53:16] Trap recibido sin acción automática definida.
[2025-06-03 16:53:17] Intentando obtener la dirección MAC mediante SNMP polling con reintentos para ifIndex 10001...
[2025-06-03 16:53:32] Evento: ENLACE UP
Dispositivo: SWITCH IP origen: 203f:a:b:10::2
Puerto detectado: FastEthernet0/1 (Index 10001)
MAC detectada: 18:03:73:D1:AA:4D
<UNKNOWN>
UDP/IPv6: [203f:a:b:10::2]:55023
DISMAN-EVENT-MIB::sysUpTimeInstance 0:1:49:25.88
SNMPv2-MIB::snmpTrapOID.0 IF-MIB::linkUp
IF-MIB::ifIndex.10001 10001
IF-MIB::ifDescr.10001 FastEthernet0/1
IF-MIB::ifType.10001 ethernetCsmacd
SNMPv2-SMI::enterprises.9.2.2.1.1.20.10001 "up"

------------------------------------------------------------

[2025-06-03 16:53:32] Creando o actualizando VLAN 30 para MAC 18:03:73:D1:AA:4D
[2025-06-03 16:53:38] Playbook ejecutado para MAC 18:03:73:D1:AA:4D en puerto FastEthernet0/1 con VLAN 30. Salida:

PLAY [Configurar VLAN basada en vlan_id] ***************************************

TASK [Verificar que vlans_switch está definido] ********************************
skipping: [switch1]

TASK [Obtener la VLAN correspondiente al vlan_id] ******************************
ok: [switch1]

TASK [Crear VLAN en el switch] *************************************************
included: switch_vlan_dhcp for switch1

TASK [switch_vlan_dhcp : Crear VLAN en el switch] ******************************
changed: [switch1]

TASK [switch_vlan_dhcp : Configurar interfaz VLAN enrutada (SVI)] **************
changed: [switch1]

PLAY RECAP *********************************************************************
switch1                    : ok=4    changed=2    unreachable=0    failed=0    skipped=1    rescued=0    ignored=0   


Errores:
[WARNING]: ansible-pylibssh not installed, falling back to paramiko
[WARNING]: To ensure idempotency and correct diff the input configuration lines
should be similar to how they appear if present in the running configuration on
device

[2025-06-03 16:53:38] Configurando VLAN 30 en puerto FastEthernet0/1 para MAC 18:03:73:D1:AA:4D...
[2025-06-03 16:53:42] Playbook ejecutado para MAC 18:03:73:D1:AA:4D en puerto FastEthernet0/1 con VLAN 30. Salida:

PLAY [Asignar VLAN y port-security por MAC] ************************************

TASK [Configurar VLAN en el puerto] ********************************************
changed: [switch1]

PLAY RECAP *********************************************************************
switch1                    : ok=1    changed=1    unreachable=0    failed=0    skipped=0    rescued=0    ignored=0   


Errores:
[WARNING]: ansible-pylibssh not installed, falling back to paramiko
[WARNING]: To ensure idempotency and correct diff the input configuration lines
should be similar to how they appear if present in the running configuration on
device

[2025-06-03 16:53:42] No se pudo obtener la dirección MAC mediante SNMP polling con reintentos.
[2025-06-03 16:53:42] Evento: TRAP DESCONOCIDO
Dispositivo: SWITCH IP origen: 203f:a:b:10::2
Puerto detectado: desconocido (Index desconocido)
MAC detectada: desconocida
<UNKNOWN>
UDP/IPv6: [203f:a:b:10::2]:55023
DISMAN-EVENT-MIB::sysUpTimeInstance 0:1:49:44.63
SNMPv2-MIB::snmpTrapOID.0 SNMPv2-SMI::enterprises.9.9.43.2.0.1
SNMPv2-SMI::enterprises.9.9.43.1.1.6.1.3.143 1
SNMPv2-SMI::enterprises.9.9.43.1.1.6.1.4.143 3
SNMPv2-SMI::enterprises.9.9.43.1.1.6.1.5.143 2

------------------------------------------------------------

[2025-06-03 16:53:42] Trap recibido sin acción automática definida.
[2025-06-03 16:53:42] No se pudo obtener la dirección MAC mediante SNMP polling con reintentos.
[2025-06-03 16:53:42] Evento: TRAP DESCONOCIDO
Dispositivo: SWITCH IP origen: 203f:a:b:10::2
Puerto detectado: desconocido (Index desconocido)
MAC detectada: desconocida
<UNKNOWN>
UDP/IPv6: [203f:a:b:10::2]:55023
DISMAN-EVENT-MIB::sysUpTimeInstance 0:1:49:44.78
SNMPv2-MIB::snmpTrapOID.0 SNMPv2-SMI::enterprises.9.9.43.2.0.1
SNMPv2-SMI::enterprises.9.9.43.1.1.6.1.3.144 1
SNMPv2-SMI::enterprises.9.9.43.1.1.6.1.4.144 2
SNMPv2-SMI::enterprises.9.9.43.1.1.6.1.5.144 3

------------------------------------------------------------

[2025-06-03 16:53:42] Trap recibido sin acción automática definida.
[2025-06-03 16:53:42] No se pudo obtener la dirección MAC mediante SNMP polling con reintentos.
[2025-06-03 16:53:42] Evento: TRAP DESCONOCIDO
Dispositivo: SWITCH IP origen: 203f:a:b:10::2
Puerto detectado: desconocido (Index desconocido)
MAC detectada: desconocida
<UNKNOWN>
UDP/IPv6: [203f:a:b:10::2]:55023
DISMAN-EVENT-MIB::sysUpTimeInstance 0:1:49:46.77
SNMPv2-MIB::snmpTrapOID.0 SNMPv2-SMI::enterprises.9.9.43.2.0.1
SNMPv2-SMI::enterprises.9.9.43.1.1.6.1.3.145 1
SNMPv2-SMI::enterprises.9.9.43.1.1.6.1.4.145 3
SNMPv2-SMI::enterprises.9.9.43.1.1.6.1.5.145 2

------------------------------------------------------------

[2025-06-03 16:53:42] Trap recibido sin acción automática definida.
[2025-06-03 16:53:42] No se pudo obtener la dirección MAC mediante SNMP polling con reintentos.
[2025-06-03 16:53:42] Evento: TRAP DESCONOCIDO
Dispositivo: SWITCH IP origen: 203f:a:b:10::2
Puerto detectado: desconocido (Index desconocido)
MAC detectada: desconocida
<UNKNOWN>
UDP/IPv6: [203f:a:b:10::2]:55023
DISMAN-EVENT-MIB::sysUpTimeInstance 0:1:49:46.93
SNMPv2-MIB::snmpTrapOID.0 SNMPv2-SMI::enterprises.9.9.43.2.0.1
SNMPv2-SMI::enterprises.9.9.43.1.1.6.1.3.146 1
SNMPv2-SMI::enterprises.9.9.43.1.1.6.1.4.146 2
SNMPv2-SMI::enterprises.9.9.43.1.1.6.1.5.146 3

------------------------------------------------------------

[2025-06-03 16:53:42] Trap recibido sin acción automática definida.
[2025-06-03 16:53:42] No se pudo obtener la dirección MAC mediante SNMP polling con reintentos.
[2025-06-03 16:53:42] Evento: TRAP DESCONOCIDO
Dispositivo: SWITCH IP origen: 203f:a:b:10::2
Puerto detectado: desconocido (Index desconocido)
MAC detectada: desconocida
<UNKNOWN>
UDP/IPv6: [203f:a:b:10::2]:55023
DISMAN-EVENT-MIB::sysUpTimeInstance 0:1:49:50.60
SNMPv2-MIB::snmpTrapOID.0 SNMPv2-SMI::enterprises.9.9.43.2.0.1
SNMPv2-SMI::enterprises.9.9.43.1.1.6.1.3.147 1
SNMPv2-SMI::enterprises.9.9.43.1.1.6.1.4.147 3
SNMPv2-SMI::enterprises.9.9.43.1.1.6.1.5.147 2

------------------------------------------------------------

[2025-06-03 16:53:42] Trap recibido sin acción automática definida.
[2025-06-03 16:53:42] No se pudo obtener la dirección MAC mediante SNMP polling con reintentos.
[2025-06-03 16:53:42] Evento: TRAP DESCONOCIDO
Dispositivo: SWITCH IP origen: 203f:a:b:10::2
Puerto detectado: desconocido (Index desconocido)
MAC detectada: desconocida
<UNKNOWN>
UDP/IPv6: [203f:a:b:10::2]:55023
DISMAN-EVENT-MIB::sysUpTimeInstance 0:1:49:50.75
SNMPv2-MIB::snmpTrapOID.0 SNMPv2-SMI::enterprises.9.9.43.2.0.1
SNMPv2-SMI::enterprises.9.9.43.1.1.6.1.3.148 1
SNMPv2-SMI::enterprises.9.9.43.1.1.6.1.4.148 2
SNMPv2-SMI::enterprises.9.9.43.1.1.6.1.5.148 3

------------------------------------------------------------

[2025-06-03 16:53:42] Trap recibido sin acción automática definida.
[2025-06-03 16:54:12] No se pudo obtener la dirección MAC mediante SNMP polling con reintentos.
[2025-06-03 16:54:12] Evento: TRAP DESCONOCIDO
Dispositivo: SWITCH IP origen: 203f:a:b:10::2
Puerto detectado: desconocido (Index desconocido)
MAC detectada: desconocida
<UNKNOWN>
UDP/IPv6: [203f:a:b:10::2]:55023
DISMAN-EVENT-MIB::sysUpTimeInstance 0:1:50:21.05
SNMPv2-MIB::snmpTrapOID.0 SNMPv2-SMI::mib-2.17.0.2
SNMPv2-SMI::enterprises.9.9.46.1.3.1.1.1.1.30 30
IF-MIB::ifName.10001 Fa0/1

------------------------------------------------------------

[2025-06-03 16:54:12] Trap recibido sin acción automática definida.
[2025-06-03 16:54:12] Intentando obtener la dirección MAC mediante SNMP polling con reintentos para ifIndex 30...
[2025-06-03 16:54:38] No se pudo obtener la dirección MAC mediante SNMP polling con reintentos.
[2025-06-03 16:54:38] Evento: ENLACE UP
Dispositivo: SWITCH IP origen: 203f:a:b:10::2
Puerto detectado: desconocido (Index 30)
MAC detectada: desconocida
<UNKNOWN>
UDP/IPv6: [203f:a:b:10::2]:55023
DISMAN-EVENT-MIB::sysUpTimeInstance 0:1:50:21.06
SNMPv2-MIB::snmpTrapOID.0 IF-MIB::linkUp
IF-MIB::ifIndex.30 30
IF-MIB::ifDescr.30 Vlan30
IF-MIB::ifType.30 propVirtual
SNMPv2-SMI::enterprises.9.2.2.1.1.20.30 "up"

------------------------------------------------------------

[2025-06-03 16:54:38] Trap recibido sin acción automática definida.
[2025-06-03 16:55:50] No se pudo obtener la dirección MAC mediante SNMP polling con reintentos.
[2025-06-03 16:55:50] Evento: TRAP DESCONOCIDO
Dispositivo: SWITCH IP origen: 203f:a:b:10::2
Puerto detectado: desconocido (Index desconocido)
MAC detectada: desconocida
<UNKNOWN>
UDP/IPv6: [203f:a:b:10::2]:55023
DISMAN-EVENT-MIB::sysUpTimeInstance 0:1:51:59.54
SNMPv2-MIB::snmpTrapOID.0 SNMPv2-SMI::enterprises.9.9.43.2.0.1
SNMPv2-SMI::enterprises.9.9.43.1.1.6.1.3.149 1
SNMPv2-SMI::enterprises.9.9.43.1.1.6.1.4.149 3
SNMPv2-SMI::enterprises.9.9.43.1.1.6.1.5.149 2

------------------------------------------------------------

[2025-06-03 16:55:50] Trap recibido sin acción automática definida.
[2025-06-03 16:57:26] No se pudo obtener la dirección MAC mediante SNMP polling con reintentos.
[2025-06-03 16:57:26] Evento: TRAP DESCONOCIDO
Dispositivo: SWITCH IP origen: 203f:a:b:10::2
Puerto detectado: desconocido (Index desconocido)
MAC detectada: desconocida
<UNKNOWN>
UDP/IPv6: [203f:a:b:10::2]:55023
DISMAN-EVENT-MIB::sysUpTimeInstance 0:1:53:35.68
SNMPv2-MIB::snmpTrapOID.0 SNMPv2-SMI::mib-2.17.0.2
SNMPv2-SMI::enterprises.9.9.46.1.3.1.1.1.1.30 30
IF-MIB::ifName.10001 Fa0/1

------------------------------------------------------------

[2025-06-03 16:57:26] Trap recibido sin acción automática definida.
[2025-06-03 16:57:27] Intentando obtener la dirección MAC mediante SNMP polling con reintentos para ifIndex 30...
[2025-06-03 16:57:52] No se pudo obtener la dirección MAC mediante SNMP polling con reintentos.
[2025-06-03 16:57:52] Evento: ENLACE DOWN
Dispositivo: SWITCH IP origen: 203f:a:b:10::2
Puerto detectado: desconocido (Index 30)
MAC detectada: desconocida
<UNKNOWN>
UDP/IPv6: [203f:a:b:10::2]:55023
DISMAN-EVENT-MIB::sysUpTimeInstance 0:1:53:35.69
SNMPv2-MIB::snmpTrapOID.0 IF-MIB::linkDown
IF-MIB::ifIndex.30 30
IF-MIB::ifDescr.30 Vlan30
IF-MIB::ifType.30 propVirtual
SNMPv2-SMI::enterprises.9.2.2.1.1.20.30 "down"

------------------------------------------------------------

[2025-06-03 16:57:52] Trap recibido sin acción automática definida.
[2025-06-03 16:57:52] No se pudo obtener la dirección MAC mediante SNMP polling con reintentos.
[2025-06-03 16:57:52] Evento: TRAP DESCONOCIDO
Dispositivo: SWITCH IP origen: 203f:a:b:10::2
Puerto detectado: desconocido (Index desconocido)
MAC detectada: desconocida
<UNKNOWN>
UDP/IPv6: [203f:a:b:10::2]:55023
DISMAN-EVENT-MIB::sysUpTimeInstance 0:1:53:36.44
SNMPv2-MIB::snmpTrapOID.0 SNMPv2-SMI::mib-2.17.0.2
SNMPv2-SMI::enterprises.9.9.46.1.3.1.1.1.1.20 20
IF-MIB::ifName.10014 Fa0/14

------------------------------------------------------------

[2025-06-03 16:57:52] Trap recibido sin acción automática definida.
[2025-06-03 16:57:52] Intentando obtener la dirección MAC mediante SNMP polling con reintentos para ifIndex 20...
[2025-06-03 16:58:18] No se pudo obtener la dirección MAC mediante SNMP polling con reintentos.
[2025-06-03 16:58:18] Evento: ENLACE DOWN
Dispositivo: SWITCH IP origen: 203f:a:b:10::2
Puerto detectado: desconocido (Index 20)
MAC detectada: desconocida
<UNKNOWN>
UDP/IPv6: [203f:a:b:10::2]:55023
DISMAN-EVENT-MIB::sysUpTimeInstance 0:1:53:36.44
SNMPv2-MIB::snmpTrapOID.0 IF-MIB::linkDown
IF-MIB::ifIndex.20 20
IF-MIB::ifDescr.20 Vlan20
IF-MIB::ifType.20 propVirtual
SNMPv2-SMI::enterprises.9.2.2.1.1.20.20 "down"

------------------------------------------------------------

[2025-06-03 16:58:18] Trap recibido sin acción automática definida.
[2025-06-03 16:58:18] Intentando obtener la dirección MAC mediante SNMP polling con reintentos para ifIndex 10001...
[2025-06-03 16:58:44] No se pudo obtener la dirección MAC mediante SNMP polling con reintentos.
[2025-06-03 16:58:44] Evento: ENLACE DOWN
Dispositivo: SWITCH IP origen: 203f:a:b:10::2
Puerto detectado: FastEthernet0/1 (Index 10001)
MAC detectada: desconocida
<UNKNOWN>
UDP/IPv6: [203f:a:b:10::2]:55023
DISMAN-EVENT-MIB::sysUpTimeInstance 0:1:53:36.68
SNMPv2-MIB::snmpTrapOID.0 IF-MIB::linkDown
IF-MIB::ifIndex.10001 10001
IF-MIB::ifDescr.10001 FastEthernet0/1
IF-MIB::ifType.10001 ethernetCsmacd
SNMPv2-SMI::enterprises.9.2.2.1.1.20.10001 "down"

------------------------------------------------------------

[2025-06-03 16:58:44] Dispositivo desconectado en puerto FastEthernet0/1 del SWITCH
[2025-06-03 16:58:44] Limpieza del puerto FastEthernet0/1 tras desconexión del dispositivo en SWITCH.
[2025-06-03 16:58:52] Playbook de limpieza ejecutado para el puerto FastEthernet0/1. Salida:

PLAY [Limpieza de puerto tras desconexión] *************************************

TASK [limpiar_puerto : Apagar el puerto] ***************************************
changed: [switch1]

TASK [limpiar_puerto : Limpiar configuración del puerto] ***********************
changed: [switch1]

TASK [limpiar_puerto : Habilitar el puerto] ************************************
changed: [switch1]

PLAY RECAP *********************************************************************
switch1                    : ok=3    changed=3    unreachable=0    failed=0    skipped=0    rescued=0    ignored=0   


Errores:
[WARNING]: ansible-pylibssh not installed, falling back to paramiko
[WARNING]: To ensure idempotency and correct diff the input configuration lines
should be similar to how they appear if present in the running configuration on
device

[2025-06-03 16:58:52] Intentando obtener la dirección MAC mediante SNMP polling con reintentos para ifIndex 10014...
[2025-06-03 16:59:18] No se pudo obtener la dirección MAC mediante SNMP polling con reintentos.
[2025-06-03 16:59:18] Evento: ENLACE DOWN
Dispositivo: SWITCH IP origen: 203f:a:b:10::2
Puerto detectado: FastEthernet0/14 (Index 10014)
MAC detectada: desconocida
<UNKNOWN>
UDP/IPv6: [203f:a:b:10::2]:55023
DISMAN-EVENT-MIB::sysUpTimeInstance 0:1:53:37.43
SNMPv2-MIB::snmpTrapOID.0 IF-MIB::linkDown
IF-MIB::ifIndex.10014 10014
IF-MIB::ifDescr.10014 FastEthernet0/14
IF-MIB::ifType.10014 ethernetCsmacd
SNMPv2-SMI::enterprises.9.2.2.1.1.20.10014 "down"

------------------------------------------------------------

[2025-06-03 16:59:18] Dispositivo desconectado en puerto FastEthernet0/14 del SWITCH
[2025-06-03 16:59:18] Limpieza del puerto FastEthernet0/14 tras desconexión del dispositivo en SWITCH.
[2025-06-03 16:59:26] Playbook de limpieza ejecutado para el puerto FastEthernet0/14. Salida:

PLAY [Limpieza de puerto tras desconexión] *************************************

TASK [limpiar_puerto : Apagar el puerto] ***************************************
changed: [switch1]

TASK [limpiar_puerto : Limpiar configuración del puerto] ***********************
changed: [switch1]

TASK [limpiar_puerto : Habilitar el puerto] ************************************
changed: [switch1]

PLAY RECAP *********************************************************************
switch1                    : ok=3    changed=3    unreachable=0    failed=0    skipped=0    rescued=0    ignored=0   


Errores:
[WARNING]: ansible-pylibssh not installed, falling back to paramiko
[WARNING]: To ensure idempotency and correct diff the input configuration lines
should be similar to how they appear if present in the running configuration on
device

[2025-06-03 16:59:26] No se pudo obtener la dirección MAC mediante SNMP polling con reintentos.
[2025-06-03 16:59:26] Evento: TRAP DESCONOCIDO
Dispositivo: SWITCH IP origen: 203f:a:b:10::2
Puerto detectado: desconocido (Index desconocido)
MAC detectada: desconocida
<UNKNOWN>
UDP/IPv6: [203f:a:b:10::2]:55023
DISMAN-EVENT-MIB::sysUpTimeInstance 0:1:53:37.68
SNMPv2-MIB::snmpTrapOID.0 SNMPv2-SMI::enterprises.9.9.41.2.0.1
SNMPv2-SMI::enterprises.9.9.41.1.2.3.1.2.42 "LINK"
SNMPv2-SMI::enterprises.9.9.41.1.2.3.1.3.42 4
SNMPv2-SMI::enterprises.9.9.41.1.2.3.1.4.42 "UPDOWN"
SNMPv2-SMI::enterprises.9.9.41.1.2.3.1.5.42 "Interface FastEthernet0/1, changed state to down"
SNMPv2-SMI::enterprises.9.9.41.1.2.3.1.6.42 0:1:53:37.68

------------------------------------------------------------

[2025-06-03 16:59:26] Trap recibido sin acción automática definida.
[2025-06-03 16:59:26] No se pudo obtener la dirección MAC mediante SNMP polling con reintentos.
[2025-06-03 16:59:26] Evento: TRAP DESCONOCIDO
Dispositivo: SWITCH IP origen: 203f:a:b:10::2
Puerto detectado: desconocido (Index desconocido)
MAC detectada: desconocida
<UNKNOWN>
UDP/IPv6: [203f:a:b:10::2]:55023
DISMAN-EVENT-MIB::sysUpTimeInstance 0:1:53:38.43
SNMPv2-MIB::snmpTrapOID.0 SNMPv2-SMI::enterprises.9.9.41.2.0.1
SNMPv2-SMI::enterprises.9.9.41.1.2.3.1.2.43 "LINK"
SNMPv2-SMI::enterprises.9.9.41.1.2.3.1.3.43 4
SNMPv2-SMI::enterprises.9.9.41.1.2.3.1.4.43 "UPDOWN"
SNMPv2-SMI::enterprises.9.9.41.1.2.3.1.5.43 "Interface FastEthernet0/14, changed state to down"
SNMPv2-SMI::enterprises.9.9.41.1.2.3.1.6.43 0:1:53:38.43

------------------------------------------------------------

[2025-06-03 16:59:26] Trap recibido sin acción automática definida.
[2025-06-03 16:59:26] No se pudo obtener la dirección MAC mediante SNMP polling con reintentos.
[2025-06-03 16:59:26] Evento: TRAP DESCONOCIDO
Dispositivo: SWITCH IP origen: 203f:a:b:10::2
Puerto detectado: desconocido (Index desconocido)
MAC detectada: desconocida
<UNKNOWN>
UDP/IPv6: [203f:a:b:10::2]:55023
DISMAN-EVENT-MIB::sysUpTimeInstance 0:1:54:56.37
SNMPv2-MIB::snmpTrapOID.0 SNMPv2-SMI::enterprises.9.9.43.2.0.1
SNMPv2-SMI::enterprises.9.9.43.1.1.6.1.3.150 1
SNMPv2-SMI::enterprises.9.9.43.1.1.6.1.4.150 3
SNMPv2-SMI::enterprises.9.9.43.1.1.6.1.5.150 2

------------------------------------------------------------

[2025-06-03 16:59:26] Trap recibido sin acción automática definida.
[2025-06-03 16:59:27] No se pudo obtener la dirección MAC mediante SNMP polling con reintentos.
[2025-06-03 16:59:27] Evento: TRAP DESCONOCIDO
Dispositivo: SWITCH IP origen: 203f:a:b:10::2
Puerto detectado: desconocido (Index desconocido)
MAC detectada: desconocida
<UNKNOWN>
UDP/IPv6: [203f:a:b:10::2]:55023
DISMAN-EVENT-MIB::sysUpTimeInstance 0:1:54:56.53
SNMPv2-MIB::snmpTrapOID.0 SNMPv2-SMI::enterprises.9.9.43.2.0.1
SNMPv2-SMI::enterprises.9.9.43.1.1.6.1.3.151 1
SNMPv2-SMI::enterprises.9.9.43.1.1.6.1.4.151 2
SNMPv2-SMI::enterprises.9.9.43.1.1.6.1.5.151 3

------------------------------------------------------------

[2025-06-03 16:59:27] Trap recibido sin acción automática definida.
[2025-06-03 16:59:27] No se pudo obtener la dirección MAC mediante SNMP polling con reintentos.
[2025-06-03 16:59:27] Evento: TRAP DESCONOCIDO
Dispositivo: SWITCH IP origen: 203f:a:b:10::2
Puerto detectado: desconocido (Index desconocido)
MAC detectada: desconocida
<UNKNOWN>
UDP/IPv6: [203f:a:b:10::2]:55023
DISMAN-EVENT-MIB::sysUpTimeInstance 0:1:54:56.80
SNMPv2-MIB::snmpTrapOID.0 SNMPv2-SMI::mib-2.105.0.1
SNMPv2-SMI::mib-2.105.1.1.1.6.1.3 1

------------------------------------------------------------

[2025-06-03 16:59:27] Trap recibido sin acción automática definida.
[2025-06-03 16:59:27] No se pudo obtener la dirección MAC mediante SNMP polling con reintentos.
[2025-06-03 16:59:27] Evento: TRAP DESCONOCIDO
Dispositivo: SWITCH IP origen: 203f:a:b:10::2
Puerto detectado: desconocido (Index desconocido)
MAC detectada: desconocida
<UNKNOWN>
UDP/IPv6: [203f:a:b:10::2]:55023
DISMAN-EVENT-MIB::sysUpTimeInstance 0:1:54:58.50
SNMPv2-MIB::snmpTrapOID.0 SNMPv2-SMI::enterprises.9.9.43.2.0.1
SNMPv2-SMI::enterprises.9.9.43.1.1.6.1.3.152 1
SNMPv2-SMI::enterprises.9.9.43.1.1.6.1.4.152 3
SNMPv2-SMI::enterprises.9.9.43.1.1.6.1.5.152 2

------------------------------------------------------------

[2025-06-03 16:59:27] Trap recibido sin acción automática definida.
[2025-06-03 16:59:27] No se pudo obtener la dirección MAC mediante SNMP polling con reintentos.
[2025-06-03 16:59:27] Evento: TRAP DESCONOCIDO
Dispositivo: SWITCH IP origen: 203f:a:b:10::2
Puerto detectado: desconocido (Index desconocido)
MAC detectada: desconocida
<UNKNOWN>
UDP/IPv6: [203f:a:b:10::2]:55023
DISMAN-EVENT-MIB::sysUpTimeInstance 0:1:54:58.66
SNMPv2-MIB::snmpTrapOID.0 SNMPv2-SMI::enterprises.9.9.43.2.0.1
SNMPv2-SMI::enterprises.9.9.43.1.1.6.1.3.153 1
SNMPv2-SMI::enterprises.9.9.43.1.1.6.1.4.153 2
SNMPv2-SMI::enterprises.9.9.43.1.1.6.1.5.153 3

------------------------------------------------------------

[2025-06-03 16:59:27] Trap recibido sin acción automática definida.
[2025-06-03 16:59:27] No se pudo obtener la dirección MAC mediante SNMP polling con reintentos.
[2025-06-03 16:59:27] Evento: TRAP DESCONOCIDO
Dispositivo: SWITCH IP origen: 203f:a:b:10::2
Puerto detectado: desconocido (Index desconocido)
MAC detectada: desconocida
<UNKNOWN>
UDP/IPv6: [203f:a:b:10::2]:55023
DISMAN-EVENT-MIB::sysUpTimeInstance 0:1:55:00.80
SNMPv2-MIB::snmpTrapOID.0 SNMPv2-SMI::enterprises.9.9.43.2.0.1
SNMPv2-SMI::enterprises.9.9.43.1.1.6.1.3.154 1
SNMPv2-SMI::enterprises.9.9.43.1.1.6.1.4.154 3
SNMPv2-SMI::enterprises.9.9.43.1.1.6.1.5.154 2

------------------------------------------------------------

[2025-06-03 16:59:27] Trap recibido sin acción automática definida.
[2025-06-03 16:59:27] No se pudo obtener la dirección MAC mediante SNMP polling con reintentos.
[2025-06-03 16:59:27] Evento: TRAP DESCONOCIDO
Dispositivo: SWITCH IP origen: 203f:a:b:10::2
Puerto detectado: desconocido (Index desconocido)
MAC detectada: desconocida
<UNKNOWN>
UDP/IPv6: [203f:a:b:10::2]:55023
DISMAN-EVENT-MIB::sysUpTimeInstance 0:1:55:00.95
SNMPv2-MIB::snmpTrapOID.0 SNMPv2-SMI::enterprises.9.9.43.2.0.1
SNMPv2-SMI::enterprises.9.9.43.1.1.6.1.3.155 1
SNMPv2-SMI::enterprises.9.9.43.1.1.6.1.4.155 2
SNMPv2-SMI::enterprises.9.9.43.1.1.6.1.5.155 3

------------------------------------------------------------

[2025-06-03 16:59:27] Trap recibido sin acción automática definida.
[2025-06-03 16:59:27] No se pudo obtener la dirección MAC mediante SNMP polling con reintentos.
[2025-06-03 16:59:27] Evento: TRAP DESCONOCIDO
Dispositivo: SWITCH IP origen: 203f:a:b:10::2
Puerto detectado: desconocido (Index desconocido)
MAC detectada: desconocida
<UNKNOWN>
UDP/IPv6: [203f:a:b:10::2]:55023
DISMAN-EVENT-MIB::sysUpTimeInstance 0:1:55:03.23
SNMPv2-MIB::snmpTrapOID.0 SNMPv2-SMI::enterprises.9.9.41.2.0.1
SNMPv2-SMI::enterprises.9.9.41.1.2.3.1.2.44 "LINK"
SNMPv2-SMI::enterprises.9.9.41.1.2.3.1.3.44 4
SNMPv2-SMI::enterprises.9.9.41.1.2.3.1.4.44 "UPDOWN"
SNMPv2-SMI::enterprises.9.9.41.1.2.3.1.5.44 "Interface FastEthernet0/1, changed state to down"
SNMPv2-SMI::enterprises.9.9.41.1.2.3.1.6.44 0:1:55:03.23

------------------------------------------------------------

[2025-06-03 16:59:27] Trap recibido sin acción automática definida.
[2025-06-03 16:59:27] No se pudo obtener la dirección MAC mediante SNMP polling con reintentos.
[2025-06-03 16:59:27] Evento: TRAP DESCONOCIDO
Dispositivo: SWITCH IP origen: 203f:a:b:10::2
Puerto detectado: desconocido (Index desconocido)
MAC detectada: desconocida
<UNKNOWN>
UDP/IPv6: [203f:a:b:10::2]:55023
DISMAN-EVENT-MIB::sysUpTimeInstance 0:1:55:30.67
SNMPv2-MIB::snmpTrapOID.0 SNMPv2-SMI::enterprises.9.9.43.2.0.1
SNMPv2-SMI::enterprises.9.9.43.1.1.6.1.3.156 1
SNMPv2-SMI::enterprises.9.9.43.1.1.6.1.4.156 3
SNMPv2-SMI::enterprises.9.9.43.1.1.6.1.5.156 2

------------------------------------------------------------

[2025-06-03 16:59:27] Trap recibido sin acción automática definida.
[2025-06-03 16:59:27] No se pudo obtener la dirección MAC mediante SNMP polling con reintentos.
[2025-06-03 16:59:27] Evento: TRAP DESCONOCIDO
Dispositivo: SWITCH IP origen: 203f:a:b:10::2
Puerto detectado: desconocido (Index desconocido)
MAC detectada: desconocida
<UNKNOWN>
UDP/IPv6: [203f:a:b:10::2]:55023
DISMAN-EVENT-MIB::sysUpTimeInstance 0:1:55:30.83
SNMPv2-MIB::snmpTrapOID.0 SNMPv2-SMI::enterprises.9.9.43.2.0.1
SNMPv2-SMI::enterprises.9.9.43.1.1.6.1.3.157 1
SNMPv2-SMI::enterprises.9.9.43.1.1.6.1.4.157 2
SNMPv2-SMI::enterprises.9.9.43.1.1.6.1.5.157 3

------------------------------------------------------------

[2025-06-03 16:59:27] Trap recibido sin acción automática definida.
[2025-06-03 16:59:27] No se pudo obtener la dirección MAC mediante SNMP polling con reintentos.
[2025-06-03 16:59:27] Evento: TRAP DESCONOCIDO
Dispositivo: SWITCH IP origen: 203f:a:b:10::2
Puerto detectado: desconocido (Index desconocido)
MAC detectada: desconocida
<UNKNOWN>
UDP/IPv6: [203f:a:b:10::2]:55023
DISMAN-EVENT-MIB::sysUpTimeInstance 0:1:55:31.10
SNMPv2-MIB::snmpTrapOID.0 SNMPv2-SMI::mib-2.105.0.1
SNMPv2-SMI::mib-2.105.1.1.1.6.1.16 1

------------------------------------------------------------

[2025-06-03 16:59:27] Trap recibido sin acción automática definida.
[2025-06-03 16:59:27] No se pudo obtener la dirección MAC mediante SNMP polling con reintentos.
[2025-06-03 16:59:27] Evento: TRAP DESCONOCIDO
Dispositivo: SWITCH IP origen: 203f:a:b:10::2
Puerto detectado: desconocido (Index desconocido)
MAC detectada: desconocida
<UNKNOWN>
UDP/IPv6: [203f:a:b:10::2]:55023
DISMAN-EVENT-MIB::sysUpTimeInstance 0:1:55:32.76
SNMPv2-MIB::snmpTrapOID.0 SNMPv2-SMI::enterprises.9.9.43.2.0.1
SNMPv2-SMI::enterprises.9.9.43.1.1.6.1.3.158 1
SNMPv2-SMI::enterprises.9.9.43.1.1.6.1.4.158 3
SNMPv2-SMI::enterprises.9.9.43.1.1.6.1.5.158 2

------------------------------------------------------------

[2025-06-03 16:59:27] Trap recibido sin acción automática definida.
[2025-06-03 16:59:27] No se pudo obtener la dirección MAC mediante SNMP polling con reintentos.
[2025-06-03 16:59:27] Evento: TRAP DESCONOCIDO
Dispositivo: SWITCH IP origen: 203f:a:b:10::2
Puerto detectado: desconocido (Index desconocido)
MAC detectada: desconocida
<UNKNOWN>
UDP/IPv6: [203f:a:b:10::2]:55023
DISMAN-EVENT-MIB::sysUpTimeInstance 0:1:55:32.91
SNMPv2-MIB::snmpTrapOID.0 SNMPv2-SMI::enterprises.9.9.43.2.0.1
SNMPv2-SMI::enterprises.9.9.43.1.1.6.1.3.159 1
SNMPv2-SMI::enterprises.9.9.43.1.1.6.1.4.159 2
SNMPv2-SMI::enterprises.9.9.43.1.1.6.1.5.159 3

------------------------------------------------------------

[2025-06-03 16:59:27] Trap recibido sin acción automática definida.
[2025-06-03 16:59:27] No se pudo obtener la dirección MAC mediante SNMP polling con reintentos.
[2025-06-03 16:59:27] Evento: TRAP DESCONOCIDO
Dispositivo: SWITCH IP origen: 203f:a:b:10::2
Puerto detectado: desconocido (Index desconocido)
MAC detectada: desconocida
<UNKNOWN>
UDP/IPv6: [203f:a:b:10::2]:55023
DISMAN-EVENT-MIB::sysUpTimeInstance 0:1:55:34.97
SNMPv2-MIB::snmpTrapOID.0 SNMPv2-SMI::enterprises.9.9.43.2.0.1
SNMPv2-SMI::enterprises.9.9.43.1.1.6.1.3.160 1
SNMPv2-SMI::enterprises.9.9.43.1.1.6.1.4.160 3
SNMPv2-SMI::enterprises.9.9.43.1.1.6.1.5.160 2

------------------------------------------------------------

[2025-06-03 16:59:27] Trap recibido sin acción automática definida.
[2025-06-03 16:59:27] No se pudo obtener la dirección MAC mediante SNMP polling con reintentos.
[2025-06-03 16:59:27] Evento: TRAP DESCONOCIDO
Dispositivo: SWITCH IP origen: 203f:a:b:10::2
Puerto detectado: desconocido (Index desconocido)
MAC detectada: desconocida
<UNKNOWN>
UDP/IPv6: [203f:a:b:10::2]:55023
DISMAN-EVENT-MIB::sysUpTimeInstance 0:1:55:35.13
SNMPv2-MIB::snmpTrapOID.0 SNMPv2-SMI::enterprises.9.9.43.2.0.1
SNMPv2-SMI::enterprises.9.9.43.1.1.6.1.3.161 1
SNMPv2-SMI::enterprises.9.9.43.1.1.6.1.4.161 2
SNMPv2-SMI::enterprises.9.9.43.1.1.6.1.5.161 3

------------------------------------------------------------

[2025-06-03 16:59:27] Trap recibido sin acción automática definida.
[2025-06-03 16:59:28] No se pudo obtener la dirección MAC mediante SNMP polling con reintentos.
[2025-06-03 16:59:28] Evento: TRAP DESCONOCIDO
Dispositivo: SWITCH IP origen: 203f:a:b:10::2
Puerto detectado: desconocido (Index desconocido)
MAC detectada: desconocida
<UNKNOWN>
UDP/IPv6: [203f:a:b:10::2]:55023
DISMAN-EVENT-MIB::sysUpTimeInstance 0:1:55:37.41
SNMPv2-MIB::snmpTrapOID.0 SNMPv2-SMI::enterprises.9.9.41.2.0.1
SNMPv2-SMI::enterprises.9.9.41.1.2.3.1.2.45 "LINK"
SNMPv2-SMI::enterprises.9.9.41.1.2.3.1.3.45 4
SNMPv2-SMI::enterprises.9.9.41.1.2.3.1.4.45 "UPDOWN"
SNMPv2-SMI::enterprises.9.9.41.1.2.3.1.5.45 "Interface FastEthernet0/14, changed state to down"
SNMPv2-SMI::enterprises.9.9.41.1.2.3.1.6.45 0:1:55:37.41

------------------------------------------------------------

[2025-06-03 16:59:28] Trap recibido sin acción automática definida.
[2025-06-03 17:01:11] No se pudo obtener la dirección MAC mediante SNMP polling con reintentos.
[2025-06-03 17:01:11] Evento: TRAP DESCONOCIDO
Dispositivo: SWITCH IP origen: 203f:a:b:10::2
Puerto detectado: desconocido (Index desconocido)
MAC detectada: desconocida
<UNKNOWN>
UDP/IPv6: [203f:a:b:10::2]:55023
DISMAN-EVENT-MIB::sysUpTimeInstance 0:1:57:19.98
SNMPv2-MIB::snmpTrapOID.0 SNMPv2-SMI::enterprises.9.9.43.2.0.1
SNMPv2-SMI::enterprises.9.9.43.1.1.6.1.3.162 1
SNMPv2-SMI::enterprises.9.9.43.1.1.6.1.4.162 3
SNMPv2-SMI::enterprises.9.9.43.1.1.6.1.5.162 2

------------------------------------------------------------

[2025-06-03 17:01:11] Trap recibido sin acción automática definida.
